2023-11-22 14:15:16,728 - hydromt_sfincs.sfincs - sfincs - WARNING - Interpolate data at 0 cells
2023-11-22 14:15:36,933 - hydromt_sfincs.sfincs - subgrid - WARNING - WARNING: Interpolate data at 10050 cells
2023-11-22 14:15:45,784 - hydromt_sfincs.sfincs - subgrid - WARNING - WARNING: Interpolate data at 10050 cells
2023-11-22 14:16:03,182 - hydromt_sfincs.sfincs - subgrid - WARNING - WARNING: Interpolate data at 10050 cells
2023-11-22 14:16:17,126 - hydromt_sfincs.sfincs - subgrid - WARNING - WARNING: Interpolate data at 10050 cells
2023-11-22 14:16:23,180 - hydromt_sfincs.sfincs - subgrid - WARNING - WARNING: Interpolate data at 10050 cells
2023-11-22 14:16:24,960 - hydromt_sfincs.sfincs - subgrid - WARNING - WARNING: Interpolate data at 10050 cells
2023-11-22 14:16:26,515 - hydromt_sfincs.sfincs - subgrid - WARNING - WARNING: Interpolate data at 10050 cells
2023-11-22 14:16:27,996 - hydromt_sfincs.sfincs - subgrid - WARNING - WARNING: Interpolate data at 15375 cells
2023-11-23 11:32:11,160 - hydromt_sfincs.sfincs - model_api - WARNING - Model dir already exists and files might be overwritten: c:\Users\doriu\OneDrive\Documenten\TU Delft\MASTER\Afstuderen\Python\Results\gis.
2023-11-23 11:32:18,591 - hydromt_sfincs.sfincs - sfincs - WARNING - Interpolate data at 0 cells
2023-11-23 11:32:35,404 - hydromt_sfincs.sfincs - sfincs - WARNING - Interpolate data at 0 cells
2023-11-23 11:43:48,195 - hydromt_sfincs.sfincs - model_api - WARNING - Model dir already exists and files might be overwritten: c:\Users\doriu\OneDrive\Documenten\TU Delft\MASTER\Afstuderen\Python\Results\gis.
2023-11-23 11:49:04,111 - hydromt_sfincs.sfincs - model_api - WARNING - Model dir already exists and files might be overwritten: c:\Users\doriu\OneDrive\Documenten\TU Delft\MASTER\Afstuderen\Python\Results\gis.
2023-11-23 11:49:08,490 - hydromt_sfincs.sfincs - sfincs - WARNING - Interpolate data at 0 cells
2023-11-23 11:51:28,883 - hydromt_sfincs.sfincs - sfincs - WARNING - Interpolate data at 0 cells
2023-11-23 11:51:31,273 - hydromt_sfincs.sfincs - model_api - WARNING - Replacing geom: region
2023-11-23 11:53:16,594 - hydromt_sfincs.sfincs - sfincs - WARNING - Interpolate data at 0 cells
2023-11-23 11:53:16,948 - hydromt_sfincs.sfincs - model_api - WARNING - Replacing geom: region
2023-11-23 12:00:14,167 - hydromt_sfincs.sfincs - sfincs - WARNING - Interpolate data at 0 cells
2023-11-23 12:00:17,274 - hydromt_sfincs.sfincs - model_api - WARNING - Replacing geom: region
2023-11-23 12:00:45,582 - hydromt_sfincs.sfincs - sfincs - WARNING - Interpolate data at 0 cells
2023-11-23 12:00:48,614 - hydromt_sfincs.sfincs - model_api - WARNING - Replacing geom: region
2023-11-23 12:01:39,267 - hydromt_sfincs.sfincs - model_api - WARNING - Replacing state: zsini
2023-11-23 12:02:13,235 - hydromt_sfincs.sfincs - model_api - WARNING - Model dir already exists and files might be overwritten: c:\Users\doriu\OneDrive\Documenten\TU Delft\MASTER\Afstuderen\Python\Results\gis.
2023-11-23 12:02:23,143 - hydromt_sfincs.sfincs - sfincs - WARNING - Interpolate data at 0 cells
2023-11-23 12:04:18,956 - hydromt_sfincs.sfincs - sfincs - WARNING - Interpolate data at 0 cells
2023-11-23 12:04:21,236 - hydromt_sfincs.sfincs - model_api - WARNING - Replacing geom: region
2023-11-23 13:33:41,455 - hydromt_sfincs.sfincs - model_api - WARNING - Model dir already exists and files might be overwritten: c:\Users\doriu\OneDrive\Documenten\TU Delft\MASTER\Afstuderen\Python\Results\gis.
2023-11-23 13:34:07,067 - hydromt_sfincs.sfincs - model_api - WARNING - Model dir already exists and files might be overwritten: c:\Users\doriu\OneDrive\Documenten\TU Delft\MASTER\Afstuderen\Python\Results\gis.
2023-11-23 13:34:24,549 - hydromt_sfincs.sfincs - sfincs - WARNING - Interpolate data at 0 cells
2023-11-23 17:56:03,681 - hydromt_sfincs.sfincs - model_api - WARNING - Model dir already exists and files might be overwritten: c:\Users\doriu\OneDrive\Documenten\TU Delft\MASTER\Afstuderen\Python\Results\gis.
2023-11-23 17:56:20,547 - hydromt_sfincs.sfincs - model_api - WARNING - Model dir already exists and files might be overwritten: c:\Users\doriu\OneDrive\Documenten\TU Delft\MASTER\Afstuderen\Python\Results\gis.
2023-11-23 17:56:24,857 - hydromt_sfincs.sfincs - sfincs - WARNING - Interpolate data at 0 cells
2023-11-23 18:02:42,423 - hydromt_sfincs.sfincs - sfincs - WARNING - Interpolate data at 0 cells
2023-11-23 18:03:36,860 - hydromt_sfincs.sfincs - sfincs - WARNING - Interpolate data at 0 cells
2023-11-23 18:05:58,553 - hydromt_sfincs.sfincs - sfincs - WARNING - Interpolate data at 0 cells
2023-11-23 18:06:31,992 - hydromt_sfincs.sfincs - sfincs - WARNING - Interpolate data at 0 cells
2023-11-23 18:18:01,814 - hydromt_sfincs.sfincs - sfincs - WARNING - Interpolate data at 0 cells
2023-11-23 18:18:37,120 - hydromt_sfincs.sfincs - sfincs - WARNING - Interpolate data at 0 cells
2023-11-23 18:18:40,022 - hydromt_sfincs.sfincs - model_api - WARNING - Replacing geom: region
2023-11-23 18:19:00,320 - hydromt_sfincs.sfincs - model_api - WARNING - Model dir already exists and files might be overwritten: c:\Users\doriu\OneDrive\Documenten\TU Delft\MASTER\Afstuderen\Python\Results\gis.
2023-11-23 18:19:32,902 - hydromt_sfincs.sfincs - sfincs - WARNING - Interpolate data at 0 cells
2023-11-23 18:22:17,520 - hydromt_sfincs.sfincs - sfincs - WARNING - zsini not in states, skipping
2023-11-23 21:03:34,750 - hydromt_sfincs.sfincs - sfincs - WARNING - updating the model root to: c:\Users\doriu\OneDrive\Documenten\TU Delft\MASTER\Afstuderen\Python
2023-11-23 21:03:43,401 - hydromt_sfincs.sfincs - sfincs - WARNING - updating the model root to: c:\Users\doriu\OneDrive\Documenten\TU Delft\MASTER\Afstuderen\Python
2023-11-23 21:03:45,606 - hydromt_sfincs.sfincs - sfincs - WARNING - updating the model root to: c:\Users\doriu\OneDrive\Documenten\TU Delft\MASTER\Afstuderen\Python
2023-11-23 21:04:46,442 - hydromt_sfincs.sfincs - sfincs - WARNING - updating the model root to: c:\Users\doriu\OneDrive\Documenten\TU Delft\MASTER\Afstuderen\Python
2023-11-23 21:07:26,779 - hydromt_sfincs.sfincs - sfincs - WARNING - updating the model root to: c:\Users\doriu\OneDrive\Documenten\TU Delft\MASTER\Afstuderen\Python
2023-11-24 14:49:11,827 - hydromt_sfincs.sfincs - model_api - WARNING - Replacing result: inp
2023-11-24 14:49:11,836 - hydromt_sfincs.sfincs - model_api - WARNING - Replacing result: msk
2023-11-24 14:49:11,836 - hydromt_sfincs.sfincs - model_api - WARNING - Replacing result: zb
2023-11-24 14:49:11,838 - hydromt_sfincs.sfincs - model_api - WARNING - Replacing result: zs
2023-11-24 14:49:11,838 - hydromt_sfincs.sfincs - model_api - WARNING - Replacing result: zsmax
2023-11-24 14:49:11,839 - hydromt_sfincs.sfincs - model_api - WARNING - Replacing result: total_runtime
2023-11-24 14:49:11,840 - hydromt_sfincs.sfincs - model_api - WARNING - Replacing result: average_dt
2023-11-27 13:33:24,065 - hydromt_sfincs.sfincs - sfincs - WARNING - Interpolate data at 0 cells
2023-11-27 13:35:58,196 - hydromt_sfincs.sfincs - sfincs - WARNING - zsini not in states, skipping
2023-11-27 17:42:17,090 - hydromt_sfincs.sfincs - model_api - WARNING - Replacing result: inp
2023-11-27 17:42:17,097 - hydromt_sfincs.sfincs - model_api - WARNING - Replacing result: msk
2023-11-27 17:42:17,098 - hydromt_sfincs.sfincs - model_api - WARNING - Replacing result: zb
2023-11-27 17:42:17,099 - hydromt_sfincs.sfincs - model_api - WARNING - Replacing result: zs
2023-11-27 17:42:17,099 - hydromt_sfincs.sfincs - model_api - WARNING - Replacing result: zsmax
2023-11-27 17:42:17,100 - hydromt_sfincs.sfincs - model_api - WARNING - Replacing result: total_runtime
2023-11-27 17:42:17,100 - hydromt_sfincs.sfincs - model_api - WARNING - Replacing result: average_dt
2023-11-27 17:44:11,681 - hydromt_sfincs.sfincs - model_api - WARNING - Replacing result: inp
2023-11-27 17:44:11,681 - hydromt_sfincs.sfincs - model_api - WARNING - Replacing result: msk
2023-11-27 17:44:11,681 - hydromt_sfincs.sfincs - model_api - WARNING - Replacing result: zb
2023-11-27 17:44:11,681 - hydromt_sfincs.sfincs - model_api - WARNING - Replacing result: zs
2023-11-27 17:44:11,681 - hydromt_sfincs.sfincs - model_api - WARNING - Replacing result: zsmax
2023-11-27 17:44:11,681 - hydromt_sfincs.sfincs - model_api - WARNING - Replacing result: total_runtime
2023-11-27 17:44:11,681 - hydromt_sfincs.sfincs - model_api - WARNING - Replacing result: average_dt
2023-11-27 18:09:51,355 - hydromt_sfincs.sfincs - model_api - WARNING - Model dir already exists and files might be overwritten: c:\Users\doriu\OneDrive\Documenten\TU Delft\MASTER\Afstuderen\Python\Results\gis.
2023-11-27 18:25:54,430 - hydromt_sfincs.sfincs - model_api - WARNING - Model dir already exists and files might be overwritten: c:\Users\doriu\OneDrive\Documenten\TU Delft\MASTER\Afstuderen\Python\Results\gis.
2023-11-27 18:26:05,112 - hydromt_sfincs.sfincs - sfincs - WARNING - Interpolate data at 0 cells
2023-11-27 18:26:32,153 - hydromt_sfincs.sfincs - sfincs - WARNING - Interpolate data at 0 cells
2023-11-27 18:27:14,008 - hydromt_sfincs.sfincs - sfincs - WARNING - Interpolate data at 0 cells
2023-11-27 18:27:33,157 - hydromt_sfincs.sfincs - sfincs - WARNING - Interpolate data at 0 cells
2023-11-27 18:28:03,016 - hydromt_sfincs.sfincs - model_api - WARNING - Model dir already exists and files might be overwritten: c:\Users\doriu\OneDrive\Documenten\TU Delft\MASTER\Afstuderen\Python\Results\gis.
2023-11-27 18:28:09,485 - hydromt_sfincs.sfincs - sfincs - WARNING - Interpolate data at 0 cells
2023-11-27 18:28:30,731 - hydromt_sfincs.sfincs - sfincs - WARNING - Interpolate data at 0 cells
2023-11-27 18:28:42,566 - hydromt_sfincs.sfincs - sfincs - WARNING - Interpolate data at 0 cells
2023-11-27 18:29:47,314 - hydromt_sfincs.sfincs - subgrid - WARNING - WARNING: Interpolate data at 22600 cells
2023-11-27 18:30:03,901 - hydromt_sfincs.sfincs - sfincs - WARNING - zsini not in states, skipping
2023-11-28 11:22:52,456 - hydromt_sfincs.sfincs - sfincs - WARNING - Interpolate data at 0 cells
2023-11-28 11:24:01,380 - hydromt_sfincs.sfincs - sfincs - WARNING - Interpolate data at 0 cells
2023-11-28 11:24:36,518 - hydromt_sfincs.sfincs - sfincs - WARNING - zsini not in states, skipping
2023-11-28 12:02:00,926 - hydromt_sfincs.sfincs - sfincs - WARNING - Interpolate data at 0 cells
2023-11-28 12:02:43,812 - hydromt_sfincs.sfincs - sfincs - WARNING - zsini not in states, skipping
2023-12-01 09:39:15,425 - hydromt_sfincs.sfincs - sfincs - WARNING - Interpolate data at 0 cells
2023-12-01 09:39:50,749 - hydromt_sfincs.sfincs - sfincs - WARNING - Interpolate data at 0 cells
2023-12-01 09:39:53,543 - hydromt_sfincs.sfincs - model_api - WARNING - Replacing geom: region
2023-12-01 09:40:39,932 - hydromt_sfincs.sfincs - sfincs - WARNING - zsini not in states, skipping
2023-12-01 13:20:55,664 - hydromt_sfincs.sfincs - sfincs - WARNING - Interpolate data at 0 cells
2023-12-01 13:21:23,114 - hydromt_sfincs.sfincs - sfincs - WARNING - zsini not in states, skipping
2023-12-01 13:30:49,249 - hydromt_sfincs.sfincs - model_api - WARNING - Replacing result: inp
2023-12-01 13:30:49,249 - hydromt_sfincs.sfincs - model_api - WARNING - Replacing result: msk
2023-12-01 13:30:49,249 - hydromt_sfincs.sfincs - model_api - WARNING - Replacing result: zb
2023-12-01 13:30:49,249 - hydromt_sfincs.sfincs - model_api - WARNING - Replacing result: zs
2023-12-01 13:30:49,249 - hydromt_sfincs.sfincs - model_api - WARNING - Replacing result: h
2023-12-01 13:30:49,249 - hydromt_sfincs.sfincs - model_api - WARNING - Replacing result: zsmax
2023-12-01 13:30:49,249 - hydromt_sfincs.sfincs - model_api - WARNING - Replacing result: hmax
2023-12-01 13:30:49,249 - hydromt_sfincs.sfincs - model_api - WARNING - Replacing result: total_runtime
2023-12-01 13:30:49,249 - hydromt_sfincs.sfincs - model_api - WARNING - Replacing result: average_dt
2023-12-01 14:05:17,955 - hydromt_sfincs.sfincs - sfincs - WARNING - Interpolate data at 0 cells
2023-12-01 14:06:45,149 - hydromt_sfincs.sfincs - sfincs - WARNING - zsini not in states, skipping
2023-12-01 14:10:54,784 - hydromt_sfincs.sfincs - model_api - WARNING - Replacing forcing: dis
2023-12-01 14:11:03,266 - hydromt_sfincs.sfincs - sfincs - WARNING - zsini not in states, skipping
2023-12-01 14:15:18,910 - hydromt_sfincs.sfincs - model_api - WARNING - Replacing result: inp
2023-12-01 14:15:18,910 - hydromt_sfincs.sfincs - model_api - WARNING - Replacing result: msk
2023-12-01 14:15:18,910 - hydromt_sfincs.sfincs - model_api - WARNING - Replacing result: zb
2023-12-01 14:15:18,910 - hydromt_sfincs.sfincs - model_api - WARNING - Replacing result: zs
2023-12-01 14:15:18,910 - hydromt_sfincs.sfincs - model_api - WARNING - Replacing result: zsmax
2023-12-01 14:15:18,918 - hydromt_sfincs.sfincs - model_api - WARNING - Replacing result: total_runtime
2023-12-01 14:15:18,918 - hydromt_sfincs.sfincs - model_api - WARNING - Replacing result: average_dt
2023-12-01 14:34:34,704 - hydromt_sfincs.sfincs - model_api - WARNING - Replacing forcing: dis
2023-12-01 14:34:41,648 - hydromt_sfincs.sfincs - sfincs - WARNING - zsini not in states, skipping
2023-12-01 14:37:43,509 - hydromt_sfincs.sfincs - model_api - WARNING - Replacing result: inp
2023-12-01 14:37:43,509 - hydromt_sfincs.sfincs - model_api - WARNING - Replacing result: msk
2023-12-01 14:37:43,509 - hydromt_sfincs.sfincs - model_api - WARNING - Replacing result: zb
2023-12-01 14:37:43,509 - hydromt_sfincs.sfincs - model_api - WARNING - Replacing result: zs
2023-12-01 14:37:43,509 - hydromt_sfincs.sfincs - model_api - WARNING - Replacing result: zsmax
2023-12-01 14:37:43,509 - hydromt_sfincs.sfincs - model_api - WARNING - Replacing result: total_runtime
2023-12-01 14:37:43,509 - hydromt_sfincs.sfincs - model_api - WARNING - Replacing result: average_dt
2023-12-01 14:42:54,224 - hydromt_sfincs.sfincs - sfincs - WARNING - Interpolate data at 0 cells
2023-12-01 17:08:24,004 - hydromt_sfincs.sfincs - model_api - WARNING - Model dir already exists and files might be overwritten: c:\Users\doriu\OneDrive\Documenten\TU Delft\MASTER\Afstuderen\Python\Results\gis.
2023-12-01 17:08:34,258 - hydromt_sfincs.sfincs - sfincs - WARNING - zsini not in states, skipping
2023-12-01 17:09:48,667 - hydromt_sfincs.sfincs - sfincs - WARNING - Interpolate data at 0 cells
2023-12-01 17:10:09,918 - hydromt_sfincs.sfincs - sfincs - WARNING - zsini not in states, skipping
2023-12-04 10:38:43,646 - hydromt_sfincs.sfincs - model_api - WARNING - Model dir already exists and files might be overwritten: c:\Users\doriu\OneDrive\Documenten\TU Delft\MASTER\Afstuderen\Python\Results\gis.
2023-12-04 10:38:50,816 - hydromt_sfincs.sfincs - sfincs - WARNING - Interpolate data at 0 cells
2023-12-04 10:39:45,514 - hydromt_sfincs.sfincs - sfincs - WARNING - zsini not in states, skipping
2023-12-04 12:02:16,886 - hydromt_sfincs.sfincs - sfincs - WARNING - Interpolate data at 0 cells
2023-12-04 12:02:20,588 - hydromt_sfincs.sfincs - model_api - WARNING - Replacing geom: region
2023-12-04 12:02:48,176 - hydromt_sfincs.sfincs - sfincs - WARNING - zsini not in states, skipping
2023-12-04 12:05:46,296 - hydromt_sfincs.sfincs - model_api - WARNING - Replacing result: inp
2023-12-04 12:05:46,296 - hydromt_sfincs.sfincs - model_api - WARNING - Replacing result: msk
2023-12-04 12:05:46,296 - hydromt_sfincs.sfincs - model_api - WARNING - Replacing result: zb
2023-12-04 12:05:46,296 - hydromt_sfincs.sfincs - model_api - WARNING - Replacing result: zs
2023-12-04 12:05:46,296 - hydromt_sfincs.sfincs - model_api - WARNING - Replacing result: zsmax
2023-12-04 12:05:46,304 - hydromt_sfincs.sfincs - model_api - WARNING - Replacing result: total_runtime
2023-12-04 12:05:46,304 - hydromt_sfincs.sfincs - model_api - WARNING - Replacing result: average_dt
2023-12-04 13:16:15,607 - hydromt_sfincs.sfincs - model_api - WARNING - Replacing forcing: dis
2023-12-04 13:16:21,896 - hydromt_sfincs.sfincs - sfincs - WARNING - zsini not in states, skipping
2023-12-04 13:20:29,518 - hydromt_sfincs.sfincs - model_api - WARNING - Replacing result: inp
2023-12-04 13:20:29,522 - hydromt_sfincs.sfincs - model_api - WARNING - Replacing result: msk
2023-12-04 13:20:29,522 - hydromt_sfincs.sfincs - model_api - WARNING - Replacing result: zb
2023-12-04 13:20:29,527 - hydromt_sfincs.sfincs - model_api - WARNING - Replacing result: zs
2023-12-04 13:20:29,527 - hydromt_sfincs.sfincs - model_api - WARNING - Replacing result: zsmax
2023-12-04 13:20:29,527 - hydromt_sfincs.sfincs - model_api - WARNING - Replacing result: total_runtime
2023-12-04 13:20:29,527 - hydromt_sfincs.sfincs - model_api - WARNING - Replacing result: average_dt
2023-12-04 13:25:35,076 - hydromt_sfincs.sfincs - model_api - WARNING - Replacing forcing: dis
2023-12-04 13:25:57,492 - hydromt_sfincs.sfincs - sfincs - WARNING - zsini not in states, skipping
2023-12-04 13:31:00,656 - hydromt_sfincs.sfincs - model_api - WARNING - Replacing result: inp
2023-12-04 13:31:00,656 - hydromt_sfincs.sfincs - model_api - WARNING - Replacing result: msk
2023-12-04 13:31:00,656 - hydromt_sfincs.sfincs - model_api - WARNING - Replacing result: zb
2023-12-04 13:31:00,656 - hydromt_sfincs.sfincs - model_api - WARNING - Replacing result: zs
2023-12-04 13:31:00,656 - hydromt_sfincs.sfincs - model_api - WARNING - Replacing result: zsmax
2023-12-04 13:31:00,656 - hydromt_sfincs.sfincs - model_api - WARNING - Replacing result: total_runtime
2023-12-04 13:31:00,656 - hydromt_sfincs.sfincs - model_api - WARNING - Replacing result: average_dt
2023-12-04 15:45:55,249 - hydromt_sfincs.sfincs - sfincs - WARNING - Interpolate data at 0 cells
2023-12-04 15:46:09,968 - hydromt_sfincs.sfincs - sfincs - WARNING - zsini not in states, skipping
2023-12-04 15:50:49,033 - hydromt_sfincs.sfincs - model_api - WARNING - Replacing forcing: dis
2023-12-04 15:50:54,739 - hydromt_sfincs.sfincs - sfincs - WARNING - zsini not in states, skipping
2023-12-04 15:53:46,805 - hydromt_sfincs.sfincs - model_api - WARNING - Replacing result: inp
2023-12-04 15:53:46,805 - hydromt_sfincs.sfincs - model_api - WARNING - Replacing result: msk
2023-12-04 15:53:46,805 - hydromt_sfincs.sfincs - model_api - WARNING - Replacing result: zb
2023-12-04 15:53:46,805 - hydromt_sfincs.sfincs - model_api - WARNING - Replacing result: zs
2023-12-04 15:53:46,805 - hydromt_sfincs.sfincs - model_api - WARNING - Replacing result: zsmax
2023-12-04 15:53:46,805 - hydromt_sfincs.sfincs - model_api - WARNING - Replacing result: total_runtime
2023-12-04 15:53:46,805 - hydromt_sfincs.sfincs - model_api - WARNING - Replacing result: average_dt
2023-12-04 15:56:41,440 - hydromt_sfincs.sfincs - model_api - WARNING - Replacing forcing: dis
2023-12-04 15:56:47,812 - hydromt_sfincs.sfincs - sfincs - WARNING - zsini not in states, skipping
2023-12-04 16:01:16,920 - hydromt_sfincs.sfincs - model_api - WARNING - Replacing result: inp
2023-12-04 16:01:16,922 - hydromt_sfincs.sfincs - model_api - WARNING - Replacing result: msk
2023-12-04 16:01:16,923 - hydromt_sfincs.sfincs - model_api - WARNING - Replacing result: zb
2023-12-04 16:01:16,923 - hydromt_sfincs.sfincs - model_api - WARNING - Replacing result: zs
2023-12-04 16:01:16,923 - hydromt_sfincs.sfincs - model_api - WARNING - Replacing result: h
2023-12-04 16:01:16,923 - hydromt_sfincs.sfincs - model_api - WARNING - Replacing result: zsmax
2023-12-04 16:01:16,923 - hydromt_sfincs.sfincs - model_api - WARNING - Replacing result: hmax
2023-12-04 16:01:16,924 - hydromt_sfincs.sfincs - model_api - WARNING - Replacing result: total_runtime
2023-12-04 16:01:16,924 - hydromt_sfincs.sfincs - model_api - WARNING - Replacing result: average_dt
2023-12-04 16:21:46,884 - hydromt_sfincs.sfincs - model_api - WARNING - Replacing result: inp
2023-12-04 16:21:46,885 - hydromt_sfincs.sfincs - model_api - WARNING - Replacing result: msk
2023-12-04 16:21:46,885 - hydromt_sfincs.sfincs - model_api - WARNING - Replacing result: zb
2023-12-04 16:21:46,886 - hydromt_sfincs.sfincs - model_api - WARNING - Replacing result: zs
2023-12-04 16:21:46,886 - hydromt_sfincs.sfincs - model_api - WARNING - Replacing result: h
2023-12-04 16:21:46,886 - hydromt_sfincs.sfincs - model_api - WARNING - Replacing result: zsmax
2023-12-04 16:21:46,886 - hydromt_sfincs.sfincs - model_api - WARNING - Replacing result: hmax
2023-12-04 16:21:46,888 - hydromt_sfincs.sfincs - model_api - WARNING - Replacing result: total_runtime
2023-12-04 16:21:46,889 - hydromt_sfincs.sfincs - model_api - WARNING - Replacing result: average_dt
2023-12-07 09:41:31,331 - hydromt_sfincs.sfincs - sfincs - WARNING - Interpolate data at 0 cells
2023-12-07 09:43:53,780 - hydromt_sfincs.sfincs - sfincs - WARNING - Interpolate data at 0 cells
2023-12-07 09:43:53,895 - hydromt_sfincs.sfincs - model_api - WARNING - Replacing geom: region
2023-12-07 09:45:45,486 - hydromt_sfincs.sfincs - sfincs - WARNING - Interpolate data at 0 cells
2023-12-07 09:45:45,581 - hydromt_sfincs.sfincs - model_api - WARNING - Replacing geom: region
2023-12-07 09:46:10,698 - hydromt_sfincs.sfincs - sfincs - WARNING - Interpolate data at 0 cells
2023-12-07 09:46:35,177 - hydromt_sfincs.sfincs - sfincs - WARNING - Interpolate data at 0 cells
2023-12-07 09:46:35,275 - hydromt_sfincs.sfincs - model_api - WARNING - Replacing geom: region
2023-12-07 09:48:26,276 - hydromt_sfincs.sfincs - sfincs - WARNING - Interpolate data at 0 cells
2023-12-07 09:48:26,511 - hydromt_sfincs.sfincs - model_api - WARNING - Replacing geom: region
2023-12-07 09:48:52,841 - hydromt_sfincs.sfincs - sfincs - WARNING - Interpolate data at 0 cells
2023-12-07 09:48:52,929 - hydromt_sfincs.sfincs - model_api - WARNING - Replacing geom: region
2023-12-19 16:54:33,712 - hydromt_sfincs.sfincs - sfincs - WARNING - Interpolate data at 0 cells
2023-12-19 16:55:20,468 - hydromt_sfincs.sfincs - sfincs - WARNING - Interpolate data at 0 cells
2023-12-19 16:55:20,561 - hydromt_sfincs.sfincs - model_api - WARNING - Replacing geom: region
2023-12-19 16:56:04,480 - hydromt_sfincs.sfincs - sfincs - WARNING - zsini not in states, skipping
2023-12-22 12:14:34,809 - hydromt_sfincs.sfincs - sfincs - WARNING - Interpolate data at 0 cells
2023-12-22 12:16:07,344 - hydromt_sfincs.sfincs - sfincs - WARNING - zsini not in states, skipping
2023-12-22 12:34:14,361 - hydromt_sfincs.sfincs - sfincs - WARNING - Interpolate data at 0 cells
2023-12-22 12:34:38,436 - hydromt_sfincs.sfincs - sfincs - WARNING - Interpolate data at 0 cells
2023-12-22 12:34:39,759 - hydromt_sfincs.sfincs - model_api - WARNING - Replacing geom: region
2023-12-22 12:34:52,780 - hydromt_sfincs.sfincs - sfincs - WARNING - Interpolate data at 0 cells
2023-12-22 12:34:54,027 - hydromt_sfincs.sfincs - model_api - WARNING - Replacing geom: region
2023-12-22 12:35:07,044 - hydromt_sfincs.sfincs - sfincs - WARNING - zsini not in states, skipping
2023-12-22 12:39:48,098 - hydromt_sfincs.sfincs - model_api - WARNING - Replacing forcing: dis
2023-12-22 12:40:01,332 - hydromt_sfincs.sfincs - sfincs - WARNING - zsini not in states, skipping
2023-12-22 12:41:54,513 - hydromt_sfincs.sfincs - model_api - WARNING - Replacing result: inp
2023-12-22 12:41:54,513 - hydromt_sfincs.sfincs - model_api - WARNING - Replacing result: msk
2023-12-22 12:41:54,514 - hydromt_sfincs.sfincs - model_api - WARNING - Replacing result: zb
2023-12-22 12:41:54,514 - hydromt_sfincs.sfincs - model_api - WARNING - Replacing result: zs
2023-12-22 12:41:54,514 - hydromt_sfincs.sfincs - model_api - WARNING - Replacing result: h
2023-12-22 12:41:54,514 - hydromt_sfincs.sfincs - model_api - WARNING - Replacing result: zsmax
2023-12-22 12:41:54,514 - hydromt_sfincs.sfincs - model_api - WARNING - Replacing result: hmax
2023-12-22 12:41:54,514 - hydromt_sfincs.sfincs - model_api - WARNING - Replacing result: total_runtime
2023-12-22 12:41:54,515 - hydromt_sfincs.sfincs - model_api - WARNING - Replacing result: average_dt
2023-12-22 15:09:32,626 - hydromt_sfincs.sfincs - sfincs - WARNING - Interpolate data at 0 cells
2023-12-22 15:09:35,252 - hydromt_sfincs.sfincs - model_api - WARNING - Replacing geom: region
2023-12-22 15:09:51,323 - hydromt_sfincs.sfincs - sfincs - WARNING - Interpolate data at 0 cells
2023-12-22 15:09:53,605 - hydromt_sfincs.sfincs - model_api - WARNING - Replacing geom: region
2023-12-22 15:10:10,752 - hydromt_sfincs.sfincs - sfincs - WARNING - Interpolate data at 0 cells
2023-12-22 15:10:13,101 - hydromt_sfincs.sfincs - model_api - WARNING - Replacing geom: region
2023-12-22 15:10:25,317 - hydromt_sfincs.sfincs - sfincs - WARNING - Interpolate data at 0 cells
2023-12-22 15:10:27,683 - hydromt_sfincs.sfincs - model_api - WARNING - Replacing geom: region
2023-12-22 15:11:15,522 - hydromt_sfincs.sfincs - sfincs - WARNING - Interpolate data at 0 cells
2023-12-22 15:11:17,921 - hydromt_sfincs.sfincs - model_api - WARNING - Replacing geom: region
2023-12-22 15:11:52,606 - hydromt_sfincs.sfincs - sfincs - WARNING - zsini not in states, skipping
2023-12-22 15:16:34,356 - hydromt_sfincs.sfincs - model_api - WARNING - Replacing result: inp
2023-12-22 15:16:34,356 - hydromt_sfincs.sfincs - model_api - WARNING - Replacing result: msk
2023-12-22 15:16:34,356 - hydromt_sfincs.sfincs - model_api - WARNING - Replacing result: zb
2023-12-22 15:16:34,372 - hydromt_sfincs.sfincs - model_api - WARNING - Replacing result: zs
2023-12-22 15:16:34,372 - hydromt_sfincs.sfincs - model_api - WARNING - Replacing result: h
2023-12-22 15:16:34,372 - hydromt_sfincs.sfincs - model_api - WARNING - Replacing result: zsmax
2023-12-22 15:16:34,372 - hydromt_sfincs.sfincs - model_api - WARNING - Replacing result: hmax
2023-12-22 15:16:34,372 - hydromt_sfincs.sfincs - model_api - WARNING - Replacing result: total_runtime
2023-12-22 15:16:34,372 - hydromt_sfincs.sfincs - model_api - WARNING - Replacing result: average_dt
2023-12-22 15:24:21,706 - hydromt_sfincs.sfincs - sfincs - WARNING - Interpolate data at 0 cells
2023-12-22 15:24:24,623 - hydromt_sfincs.sfincs - model_api - WARNING - Replacing geom: region
2023-12-22 15:24:31,528 - hydromt_sfincs.sfincs - sfincs - WARNING - Interpolate data at 0 cells
2023-12-22 15:24:33,788 - hydromt_sfincs.sfincs - model_api - WARNING - Replacing geom: region
2023-12-22 15:24:58,682 - hydromt_sfincs.sfincs - sfincs - WARNING - Interpolate data at 0 cells
2023-12-22 15:25:01,063 - hydromt_sfincs.sfincs - model_api - WARNING - Replacing geom: region
2023-12-22 15:25:05,210 - hydromt_sfincs.sfincs - sfincs - WARNING - Interpolate data at 0 cells
2023-12-22 15:25:07,599 - hydromt_sfincs.sfincs - model_api - WARNING - Replacing geom: region
2023-12-22 15:25:39,613 - hydromt_sfincs.sfincs - sfincs - WARNING - zsini not in states, skipping
2023-12-22 15:29:04,573 - hydromt_sfincs.sfincs - model_api - WARNING - Replacing result: inp
2023-12-22 15:29:04,573 - hydromt_sfincs.sfincs - model_api - WARNING - Replacing result: msk
2023-12-22 15:29:04,584 - hydromt_sfincs.sfincs - model_api - WARNING - Replacing result: zb
2023-12-22 15:29:04,586 - hydromt_sfincs.sfincs - model_api - WARNING - Replacing result: zs
2023-12-22 15:29:04,588 - hydromt_sfincs.sfincs - model_api - WARNING - Replacing result: h
2023-12-22 15:29:04,588 - hydromt_sfincs.sfincs - model_api - WARNING - Replacing result: zsmax
2023-12-22 15:29:04,588 - hydromt_sfincs.sfincs - model_api - WARNING - Replacing result: hmax
2023-12-22 15:29:04,588 - hydromt_sfincs.sfincs - model_api - WARNING - Replacing result: total_runtime
2023-12-22 15:29:04,588 - hydromt_sfincs.sfincs - model_api - WARNING - Replacing result: average_dt
2023-12-22 15:31:18,655 - hydromt_sfincs.sfincs - sfincs - WARNING - Interpolate data at 0 cells
2023-12-22 15:31:39,871 - hydromt_sfincs.sfincs - sfincs - WARNING - zsini not in states, skipping
2023-12-22 15:33:15,282 - hydromt_sfincs.sfincs - sfincs - WARNING - zsini not in states, skipping
2023-12-22 15:33:54,378 - hydromt_sfincs.sfincs - sfincs - WARNING - Interpolate data at 0 cells
2023-12-22 15:35:00,163 - hydromt_sfincs.sfincs - sfincs - WARNING - zsini not in states, skipping
2023-12-22 15:44:39,878 - hydromt_sfincs.sfincs - sfincs - WARNING - Interpolate data at 0 cells
2023-12-22 15:44:56,792 - hydromt_sfincs.sfincs - sfincs - WARNING - zsini not in states, skipping
2023-12-22 15:55:55,409 - hydromt_sfincs.sfincs - model_api - WARNING - Replacing forcing: dis
2023-12-22 15:56:05,493 - hydromt_sfincs.sfincs - sfincs - WARNING - zsini not in states, skipping
2023-12-22 15:59:10,028 - hydromt_sfincs.sfincs - model_api - WARNING - Replacing result: inp
2023-12-22 15:59:10,028 - hydromt_sfincs.sfincs - model_api - WARNING - Replacing result: msk
2023-12-22 15:59:10,028 - hydromt_sfincs.sfincs - model_api - WARNING - Replacing result: zb
2023-12-22 15:59:10,028 - hydromt_sfincs.sfincs - model_api - WARNING - Replacing result: zs
2023-12-22 15:59:10,028 - hydromt_sfincs.sfincs - model_api - WARNING - Replacing result: h
2023-12-22 15:59:10,028 - hydromt_sfincs.sfincs - model_api - WARNING - Replacing result: zsmax
2023-12-22 15:59:10,028 - hydromt_sfincs.sfincs - model_api - WARNING - Replacing result: hmax
2023-12-22 15:59:10,028 - hydromt_sfincs.sfincs - model_api - WARNING - Replacing result: total_runtime
2023-12-22 15:59:10,028 - hydromt_sfincs.sfincs - model_api - WARNING - Replacing result: average_dt
2023-12-22 16:04:00,751 - hydromt_sfincs.sfincs - sfincs - WARNING - Interpolate data at 0 cells
2023-12-22 16:04:15,379 - hydromt_sfincs.sfincs - sfincs - WARNING - zsini not in states, skipping
2023-12-22 16:08:27,121 - hydromt_sfincs.sfincs - sfincs - WARNING - Interpolate data at 0 cells
2023-12-22 16:08:54,687 - hydromt_sfincs.sfincs - sfincs - WARNING - Interpolate data at 0 cells
2023-12-22 16:09:08,267 - hydromt_sfincs.sfincs - sfincs - WARNING - zsini not in states, skipping
2023-12-22 20:30:53,962 - hydromt_sfincs.sfincs - sfincs - WARNING - Interpolate data at 0 cells
2023-12-22 20:31:41,136 - hydromt_sfincs.sfincs - sfincs - WARNING - zsini not in states, skipping
2023-12-22 20:36:29,096 - hydromt_sfincs.sfincs - sfincs - WARNING - Interpolate data at 0 cells
2023-12-22 20:36:30,530 - hydromt_sfincs.sfincs - model_api - WARNING - Replacing geom: region
2023-12-22 20:36:35,013 - hydromt_sfincs.sfincs - sfincs - WARNING - Interpolate data at 0 cells
2023-12-22 20:36:36,366 - hydromt_sfincs.sfincs - model_api - WARNING - Replacing geom: region
2023-12-22 20:52:19,388 - hydromt_sfincs.sfincs - sfincs - WARNING - Interpolate data at 0 cells
2023-12-22 20:52:33,203 - hydromt_sfincs.sfincs - sfincs - WARNING - zsini not in states, skipping
2023-12-22 20:52:45,727 - hydromt_sfincs.sfincs - sfincs - WARNING - Interpolate data at 0 cells
2023-12-22 20:52:47,184 - hydromt_sfincs.sfincs - model_api - WARNING - Replacing geom: region
2023-12-22 20:52:52,836 - hydromt_sfincs.sfincs - sfincs - WARNING - Interpolate data at 0 cells
2023-12-22 20:52:54,219 - hydromt_sfincs.sfincs - model_api - WARNING - Replacing geom: region
2023-12-22 20:53:21,937 - hydromt_sfincs.sfincs - sfincs - WARNING - Interpolate data at 0 cells
2023-12-22 20:53:23,419 - hydromt_sfincs.sfincs - model_api - WARNING - Replacing geom: region
2023-12-22 20:53:32,474 - hydromt_sfincs.sfincs - sfincs - WARNING - Interpolate data at 0 cells
2023-12-22 20:53:34,035 - hydromt_sfincs.sfincs - model_api - WARNING - Replacing geom: region
2023-12-22 20:53:43,644 - hydromt_sfincs.sfincs - sfincs - WARNING - zsini not in states, skipping
2023-12-23 14:02:14,047 - hydromt_sfincs.sfincs - sfincs - WARNING - Interpolate data at 0 cells
2023-12-23 14:02:28,302 - hydromt_sfincs.sfincs - sfincs - WARNING - zsini not in states, skipping
2023-12-23 14:02:45,020 - hydromt_sfincs.sfincs - sfincs - WARNING - Interpolate data at 0 cells
2023-12-23 14:02:46,436 - hydromt_sfincs.sfincs - model_api - WARNING - Replacing geom: region
2023-12-23 14:03:38,973 - hydromt_sfincs.sfincs - sfincs - WARNING - zsini not in states, skipping
2023-12-23 14:56:44,381 - hydromt_sfincs.sfincs - sfincs - WARNING - Interpolate data at 0 cells
2023-12-23 14:57:17,848 - hydromt_sfincs.sfincs - sfincs - WARNING - zsini not in states, skipping
2023-12-23 14:57:33,949 - hydromt_sfincs.sfincs - sfincs - WARNING - Interpolate data at 0 cells
2023-12-23 14:57:35,617 - hydromt_sfincs.sfincs - model_api - WARNING - Replacing geom: region
2023-12-23 14:57:43,703 - hydromt_sfincs.sfincs - sfincs - WARNING - Interpolate data at 0 cells
2023-12-23 14:57:45,767 - hydromt_sfincs.sfincs - model_api - WARNING - Replacing geom: region
2023-12-23 14:58:07,499 - hydromt_sfincs.sfincs - model_api - WARNING - Replacing forcing: dis
2023-12-23 14:58:10,249 - hydromt_sfincs.sfincs - sfincs - WARNING - zsini not in states, skipping
2023-12-24 12:04:24,188 - hydromt_sfincs.sfincs - sfincs - WARNING - Interpolate data at 0 cells
2023-12-24 12:04:49,221 - hydromt_sfincs.sfincs - sfincs - WARNING - zsini not in states, skipping
2023-12-24 13:08:29,052 - hydromt_sfincs.sfincs - sfincs - WARNING - Interpolate data at 0 cells
2023-12-24 13:08:53,680 - hydromt_sfincs.sfincs - sfincs - WARNING - zsini not in states, skipping
2023-12-24 13:13:48,809 - hydromt_sfincs.sfincs - sfincs - WARNING - zsini not in states, skipping
2023-12-24 13:15:18,434 - hydromt_sfincs.sfincs - model_api - WARNING - Replacing result: inp
2023-12-24 13:15:18,435 - hydromt_sfincs.sfincs - model_api - WARNING - Replacing result: msk
2023-12-24 13:15:18,436 - hydromt_sfincs.sfincs - model_api - WARNING - Replacing result: zb
2023-12-24 13:15:18,436 - hydromt_sfincs.sfincs - model_api - WARNING - Replacing result: zs
2023-12-24 13:15:18,436 - hydromt_sfincs.sfincs - model_api - WARNING - Replacing result: zsmax
2023-12-24 13:15:18,436 - hydromt_sfincs.sfincs - model_api - WARNING - Replacing result: total_runtime
2023-12-24 13:15:18,436 - hydromt_sfincs.sfincs - model_api - WARNING - Replacing result: average_dt
2023-12-24 13:16:39,053 - hydromt_sfincs.sfincs - sfincs - WARNING - Interpolate data at 0 cells
2023-12-24 13:16:53,266 - hydromt_sfincs.sfincs - sfincs - WARNING - zsini not in states, skipping
2023-12-24 13:21:49,857 - hydromt_sfincs.sfincs - sfincs - WARNING - Interpolate data at 0 cells
2023-12-24 13:22:03,256 - hydromt_sfincs.sfincs - sfincs - WARNING - zsini not in states, skipping
2023-12-24 15:42:33,470 - hydromt_sfincs.sfincs - sfincs - WARNING - Interpolate data at 0 cells
2023-12-24 15:42:49,192 - hydromt_sfincs.sfincs - sfincs - WARNING - zsini not in states, skipping
2023-12-24 15:47:29,591 - hydromt_sfincs.sfincs - sfincs - WARNING - Interpolate data at 0 cells
2023-12-24 15:47:43,313 - hydromt_sfincs.sfincs - sfincs - WARNING - zsini not in states, skipping
2023-12-24 15:59:56,720 - hydromt_sfincs.sfincs - sfincs - WARNING - Interpolate data at 0 cells
2023-12-24 16:00:12,893 - hydromt_sfincs.sfincs - sfincs - WARNING - zsini not in states, skipping
2023-12-24 16:00:23,378 - hydromt_sfincs.sfincs - model_api - WARNING - Replacing forcing: dis
2023-12-24 16:00:26,373 - hydromt_sfincs.sfincs - sfincs - WARNING - zsini not in states, skipping
2023-12-26 14:35:05,492 - hydromt_sfincs.sfincs - sfincs - WARNING - Interpolate data at 0 cells
2023-12-26 14:35:44,652 - hydromt_sfincs.sfincs - sfincs - WARNING - zsini not in states, skipping
2023-12-26 14:38:59,714 - hydromt_sfincs.sfincs - sfincs - WARNING - Interpolate data at 0 cells
2023-12-26 14:39:52,598 - hydromt_sfincs.sfincs - sfincs - WARNING - zsini not in states, skipping
2023-12-26 14:58:34,396 - hydromt_sfincs.sfincs - sfincs - WARNING - Interpolate data at 0 cells
2023-12-26 14:58:53,243 - hydromt_sfincs.sfincs - sfincs - WARNING - zsini not in states, skipping
2023-12-26 15:32:22,138 - hydromt_sfincs.sfincs - sfincs - WARNING - Interpolate data at 0 cells
2023-12-26 15:32:37,667 - hydromt_sfincs.sfincs - sfincs - WARNING - zsini not in states, skipping
2023-12-26 15:40:22,438 - hydromt_sfincs.sfincs - sfincs - WARNING - Interpolate data at 0 cells
2023-12-26 15:40:38,348 - hydromt_sfincs.sfincs - sfincs - WARNING - zsini not in states, skipping
2023-12-26 15:46:24,488 - hydromt_sfincs.sfincs - sfincs - WARNING - Interpolate data at 0 cells
2023-12-26 15:46:42,391 - hydromt_sfincs.sfincs - sfincs - WARNING - zsini not in states, skipping
2023-12-26 15:54:54,734 - hydromt_sfincs.sfincs - sfincs - WARNING - Interpolate data at 0 cells
2023-12-26 15:55:09,444 - hydromt_sfincs.sfincs - sfincs - WARNING - zsini not in states, skipping
2023-12-26 16:01:15,951 - hydromt_sfincs.sfincs - sfincs - WARNING - Interpolate data at 0 cells
2023-12-26 16:01:30,628 - hydromt_sfincs.sfincs - sfincs - WARNING - zsini not in states, skipping
2023-12-26 16:05:02,983 - hydromt_sfincs.sfincs - sfincs - WARNING - Interpolate data at 0 cells
2023-12-26 16:05:17,352 - hydromt_sfincs.sfincs - sfincs - WARNING - zsini not in states, skipping
2023-12-27 09:58:15,451 - hydromt_sfincs.sfincs - sfincs - WARNING - Interpolate data at 0 cells
2023-12-27 09:58:51,664 - hydromt_sfincs.sfincs - sfincs - WARNING - zsini not in states, skipping
2023-12-27 10:02:38,250 - hydromt_sfincs.sfincs - sfincs - WARNING - Interpolate data at 0 cells
2023-12-27 10:02:52,498 - hydromt_sfincs.sfincs - sfincs - WARNING - zsini not in states, skipping
2023-12-27 10:12:44,268 - hydromt_sfincs.sfincs - sfincs - WARNING - Interpolate data at 0 cells
2023-12-27 10:13:02,702 - hydromt_sfincs.sfincs - sfincs - WARNING - zsini not in states, skipping
2023-12-27 10:20:48,054 - hydromt_sfincs.sfincs - sfincs - WARNING - Interpolate data at 0 cells
2023-12-27 10:21:02,991 - hydromt_sfincs.sfincs - sfincs - WARNING - zsini not in states, skipping
2023-12-27 10:26:43,894 - hydromt_sfincs.sfincs - sfincs - WARNING - Interpolate data at 0 cells
2023-12-27 10:26:57,814 - hydromt_sfincs.sfincs - sfincs - WARNING - zsini not in states, skipping
2023-12-27 10:34:41,159 - hydromt_sfincs.sfincs - sfincs - WARNING - Interpolate data at 0 cells
2023-12-27 10:34:57,856 - hydromt_sfincs.sfincs - sfincs - WARNING - zsini not in states, skipping
2023-12-27 10:42:27,401 - hydromt_sfincs.sfincs - sfincs - WARNING - Interpolate data at 0 cells
2023-12-27 10:43:19,898 - hydromt_sfincs.sfincs - sfincs - WARNING - Interpolate data at 0 cells
2023-12-27 10:43:34,854 - hydromt_sfincs.sfincs - sfincs - WARNING - zsini not in states, skipping
2023-12-27 16:37:33,569 - hydromt_sfincs.sfincs - sfincs - WARNING - Interpolate data at 0 cells
2023-12-27 16:37:49,569 - hydromt_sfincs.sfincs - sfincs - WARNING - zsini not in states, skipping
2023-12-27 16:42:12,915 - hydromt_sfincs.sfincs - sfincs - WARNING - Interpolate data at 0 cells
2023-12-27 16:42:27,547 - hydromt_sfincs.sfincs - sfincs - WARNING - zsini not in states, skipping
2023-12-27 16:45:42,010 - hydromt_sfincs.sfincs - sfincs - WARNING - Interpolate data at 0 cells
2023-12-27 16:45:57,791 - hydromt_sfincs.sfincs - sfincs - WARNING - zsini not in states, skipping
2023-12-27 16:48:19,604 - hydromt_sfincs.sfincs - sfincs - WARNING - Interpolate data at 0 cells
2023-12-27 16:48:23,622 - hydromt_sfincs.sfincs - sfincs - WARNING - zsini not in states, skipping
2023-12-27 16:51:09,798 - hydromt_sfincs.sfincs - sfincs - WARNING - Interpolate data at 0 cells
2023-12-27 16:51:14,034 - hydromt_sfincs.sfincs - sfincs - WARNING - zsini not in states, skipping
2023-12-27 16:57:08,103 - hydromt_sfincs.sfincs - sfincs - WARNING - Interpolate data at 0 cells
2023-12-27 16:57:11,920 - hydromt_sfincs.sfincs - sfincs - WARNING - zsini not in states, skipping
2023-12-27 17:00:06,774 - hydromt_sfincs.sfincs - model_api - WARNING - Replacing forcing: dis
2023-12-27 17:00:13,802 - hydromt_sfincs.sfincs - sfincs - WARNING - zsini not in states, skipping
2023-12-27 17:02:22,909 - hydromt_sfincs.sfincs - model_api - WARNING - Replacing result: inp
2023-12-27 17:02:22,909 - hydromt_sfincs.sfincs - model_api - WARNING - Replacing result: msk
2023-12-27 17:02:22,910 - hydromt_sfincs.sfincs - model_api - WARNING - Replacing result: zb
2023-12-27 17:02:22,910 - hydromt_sfincs.sfincs - model_api - WARNING - Replacing result: zs
2023-12-27 17:02:22,910 - hydromt_sfincs.sfincs - model_api - WARNING - Replacing result: h
2023-12-27 17:02:22,911 - hydromt_sfincs.sfincs - model_api - WARNING - Replacing result: zsmax
2023-12-27 17:02:22,911 - hydromt_sfincs.sfincs - model_api - WARNING - Replacing result: hmax
2023-12-27 17:02:22,911 - hydromt_sfincs.sfincs - model_api - WARNING - Replacing result: total_runtime
2023-12-27 17:02:22,912 - hydromt_sfincs.sfincs - model_api - WARNING - Replacing result: average_dt
2023-12-27 17:02:44,893 - hydromt_sfincs.sfincs - sfincs - WARNING - Interpolate data at 0 cells
2023-12-27 17:02:48,559 - hydromt_sfincs.sfincs - sfincs - WARNING - zsini not in states, skipping
2023-12-28 11:22:33,357 - hydromt_sfincs.sfincs - sfincs - WARNING - Interpolate data at 0 cells
2023-12-28 11:22:51,373 - hydromt_sfincs.sfincs - sfincs - WARNING - zsini not in states, skipping
2023-12-28 11:23:07,479 - hydromt_sfincs.sfincs - model_api - WARNING - Replacing forcing: dis
2023-12-28 11:23:12,222 - hydromt_sfincs.sfincs - sfincs - WARNING - zsini not in states, skipping
2023-12-28 11:26:12,462 - hydromt_sfincs.sfincs - sfincs - WARNING - Interpolate data at 0 cells
2023-12-28 11:26:28,994 - hydromt_sfincs.sfincs - sfincs - WARNING - zsini not in states, skipping
2023-12-28 12:07:56,543 - hydromt_sfincs.sfincs - sfincs - WARNING - Interpolate data at 0 cells
2023-12-28 12:08:10,659 - hydromt_sfincs.sfincs - sfincs - WARNING - zsini not in states, skipping
2024-02-13 16:32:33,584 - hydromt_sfincs.sfincs - sfincs - WARNING - Interpolate data at 0 cells
2024-02-13 16:32:47,810 - hydromt_sfincs.sfincs - sfincs - WARNING - zsini not in states, skipping
2024-02-18 14:46:43,574 - hydromt_sfincs.sfincs - sfincs - WARNING - Interpolate data at 0 cells
2024-02-18 14:46:57,559 - hydromt_sfincs.sfincs - sfincs - WARNING - zsini not in states, skipping
2024-02-29 14:39:30,401 - hydromt_sfincs.sfincs - sfincs - WARNING - zsini not in states, skipping
2024-02-29 14:55:36,089 - hydromt_sfincs.sfincs - sfincs - WARNING - zsini not in states, skipping
