2024-03-04 17:58:01,857 - prepare data catalog - log - DEBUG - Writing log messages to new file c:\Users\pjdeb\OneDrive\Documenten\Universiteit\CT 5\MDP\Git\MDP\SFINCS\model\base\hydromt.log.
2024-03-04 17:58:01,858 - prepare data catalog - model_api - INFO - Initializing sfincs model from hydromt_sfincs (v1.0.3).
2024-03-04 17:59:06,859 - prepare data catalog - data_catalog - INFO - Parsing data catalog from data\1_static\data_static.yml
2024-03-04 17:59:06,865 - prepare data catalog - model_api - INFO - Initializing sfincs model from hydromt_sfincs (v1.0.3).
2024-03-04 18:10:43,195 - prepare data catalog - data_catalog - INFO - Parsing data catalog from data\1_static\data_static.yml
2024-03-04 18:10:43,200 - prepare data catalog - model_api - INFO - Initializing sfincs model from hydromt_sfincs (v1.0.3).
2024-03-04 18:10:51,850 - prepare data catalog - data_catalog - INFO - Parsing data catalog from data\1_static\data_static.yml
2024-03-04 18:10:51,857 - prepare data catalog - model_api - INFO - Initializing sfincs model from hydromt_sfincs (v1.0.3).
2024-03-06 10:22:05,809 - prepare data catalog - log - DEBUG - Appending log messages to file c:\Users\pjdeb\OneDrive\Documenten\Universiteit\CT 5\MDP\Git\MDP\SFINCS\model\base\hydromt.log.
2024-03-06 10:22:05,810 - prepare data catalog - model_api - INFO - Initializing sfincs model from hydromt_sfincs (v1.0.3).
2024-03-06 12:13:39,810 - prepare data catalog - log - DEBUG - Appending log messages to file c:\Users\pjdeb\OneDrive\Documenten\Universiteit\CT 5\MDP\Git\MDP\SFINCS\model\base\hydromt.log.
2024-03-06 12:13:39,811 - prepare data catalog - model_api - INFO - Initializing sfincs model from hydromt_sfincs (v1.0.3).
2024-03-06 12:22:25,538 - prepare data catalog - log - DEBUG - Appending log messages to file c:\Users\pjdeb\OneDrive\Documenten\Universiteit\CT 5\MDP\Git\MDP\SFINCS\model\base\hydromt.log.
2024-03-06 12:22:25,539 - prepare data catalog - model_api - INFO - Initializing sfincs model from hydromt_sfincs (v1.0.3).
2024-03-06 12:42:55,834 - prepare data catalog - log - DEBUG - Appending log messages to file c:\Users\pjdeb\OneDrive\Documenten\Universiteit\CT 5\MDP\Git\MDP\SFINCS\model\base\hydromt.log.
2024-03-06 12:42:55,836 - prepare data catalog - model_api - INFO - Initializing sfincs model from hydromt_sfincs (v1.0.3).
2024-03-06 12:43:59,217 - prepare data catalog - data_catalog - INFO - Parsing data catalog from data\1_static\data_static.yml
2024-03-06 12:43:59,234 - prepare data catalog - model_api - INFO - Initializing sfincs model from hydromt_sfincs (v1.0.3).
2024-03-06 12:44:34,144 - prepare data catalog - data_catalog - INFO - Parsing data catalog from data\1_static\data_static.yml
2024-03-06 12:44:34,161 - prepare data catalog - model_api - INFO - Initializing sfincs model from hydromt_sfincs (v1.0.3).
2024-03-06 12:44:52,231 - prepare data catalog - geodataset - INFO - Reading tanabasin vector data from c:\Users\pjdeb\OneDrive\Documenten\Universiteit\CT 5\MDP\Git\MDP\SFINCS\data\1_static\catchment\total_tana_catchement_area_clip.shp
2024-03-06 13:05:55,051 - prepare data catalog - log - DEBUG - Appending log messages to file c:\Users\pjdeb\OneDrive\Documenten\Universiteit\CT 5\MDP\Git\MDP\SFINCS\model\base\hydromt.log.
2024-03-06 13:05:55,053 - prepare data catalog - model_api - INFO - Initializing sfincs model from hydromt_sfincs (v1.0.3).
2024-03-06 13:05:55,092 - prepare data catalog - geodataset - INFO - Reading tanabasin vector data from c:\Users\pjdeb\OneDrive\Documenten\Universiteit\CT 5\MDP\Git\MDP\SFINCS\data\1_static\catchment\catchment.geojson
2024-03-06 13:08:28,121 - prepare data catalog - geodataframe - INFO - Reading  vector data from data\1_static\catchment\total_tana_catchement_area_clip.shp
2024-03-06 13:08:28,168 - prepare data catalog - basin_mask - DEBUG - Parsed region (kind=geom): {'geom': 'GeoDataFrame [36.62084198 -3.15415692 41.56046295  0.47996607] (crs = EPSG:4326)'}
2024-03-06 13:08:41,593 - prepare data catalog - geodataframe - INFO - Reading  vector data from data\1_static\catchment\total_tana_catchement_area_clip.shp
2024-03-06 13:08:41,622 - prepare data catalog - basin_mask - DEBUG - Parsed region (kind=geom): {'geom': 'GeoDataFrame [36.62084198 -3.15415692 41.56046295  0.47996607] (crs = EPSG:4326)'}
2024-03-06 13:08:41,623 - prepare data catalog - model_api - WARNING - Replacing geom: region
2024-03-06 13:09:29,978 - prepare data catalog - geodataframe - INFO - Reading  vector data from data\1_static\catchment\catchment.geojson
2024-03-06 13:09:30,114 - prepare data catalog - basin_mask - DEBUG - Parsed region (kind=geom): {'geom': 'GeoDataFrame [36.62084198 -3.15415692 41.56046295  0.47996607] (crs = EPSG:4326)'}
2024-03-06 13:09:30,115 - prepare data catalog - model_api - WARNING - Replacing geom: region
2024-03-06 13:11:33,769 - prepare data catalog - geodataframe - INFO - Reading  vector data from data\1_static\catchment\catchment.geojson
2024-03-06 13:11:33,874 - prepare data catalog - basin_mask - DEBUG - Parsed region (kind=geom): {'geom': 'GeoDataFrame [36.62084198 -3.15415692 41.56046295  0.47996607] (crs = EPSG:4326)'}
2024-03-06 13:11:33,875 - prepare data catalog - model_api - WARNING - Replacing geom: region
2024-03-06 13:12:08,595 - prepare data catalog - geodataframe - INFO - Reading  vector data from data\1_static\catchment\catchment.geojson
2024-03-06 13:12:08,693 - prepare data catalog - basin_mask - DEBUG - Parsed region (kind=geom): {'geom': 'GeoDataFrame [36.62084198 -3.15415692 41.56046295  0.47996607] (crs = EPSG:4326)'}
2024-03-06 13:12:08,695 - prepare data catalog - model_api - WARNING - Replacing geom: region
2024-03-06 14:36:42,180 - prepare data catalog - log - DEBUG - Appending log messages to file c:\Users\pjdeb\OneDrive\Documenten\Universiteit\CT 5\MDP\Git\MDP\SFINCS\model\base\hydromt.log.
2024-03-06 14:36:42,181 - prepare data catalog - model_api - INFO - Initializing sfincs model from hydromt_sfincs (v1.0.3).
2024-03-06 14:37:30,790 - prepare data catalog - log - DEBUG - Appending log messages to file c:\Users\pjdeb\OneDrive\Documenten\Universiteit\CT 5\MDP\Git\MDP\SFINCS\model\base\hydromt.log.
2024-03-06 14:37:30,791 - prepare data catalog - model_api - INFO - Initializing sfincs model from hydromt_sfincs (v1.0.3).
2024-03-06 14:37:38,922 - prepare data catalog - rasterdataset - INFO - Reading srtm30 raster data from c:\Users\pjdeb\OneDrive\Documenten\Universiteit\CT 5\MDP\Git\MDP\SFINCS\data\1_static\STRM30DEM.tif
2024-03-06 14:37:39,031 - prepare data catalog - rasterdataset - DEBUG - Clip to [36.621, 0.480, 100036.621, 100000.480] (epsg:4326))
2024-03-06 14:37:39,041 - prepare data catalog - merge - DEBUG - No data da1, start with empty array
2024-03-06 14:37:39,043 - prepare data catalog - merge - DEBUG - Reprojection method of first dataset is: average
2024-03-06 14:37:39,045 - prepare data catalog - sfincs - WARNING - Interpolate elevation at 10000 cells
2024-03-06 14:39:53,498 - prepare data catalog - log - DEBUG - Appending log messages to file c:\Users\pjdeb\OneDrive\Documenten\Universiteit\CT 5\MDP\Git\MDP\SFINCS\model\base\hydromt.log.
2024-03-06 14:39:53,498 - prepare data catalog - model_api - INFO - Initializing sfincs model from hydromt_sfincs (v1.0.3).
2024-03-06 14:40:18,933 - prepare data catalog - rasterdataset - INFO - Reading srtm30 raster data from c:\Users\pjdeb\OneDrive\Documenten\Universiteit\CT 5\MDP\Git\MDP\SFINCS\data\1_static\STRM30DEM.tif
2024-03-06 14:40:19,026 - prepare data catalog - rasterdataset - DEBUG - Clip to [36.621, 0.480, 100036.621, 100000.480] (epsg:4326))
2024-03-06 14:40:19,037 - prepare data catalog - merge - DEBUG - No data da1, start with empty array
2024-03-06 14:40:19,038 - prepare data catalog - merge - DEBUG - Reprojection method of first dataset is: average
2024-03-06 14:40:19,042 - prepare data catalog - sfincs - WARNING - Interpolate elevation at 10000 cells
2024-03-06 15:12:46,937 - prepare data catalog - data_catalog - INFO - Parsing data catalog from data\1_static\data_static.yml
2024-03-06 15:12:46,945 - prepare data catalog - model_api - INFO - Initializing sfincs model from hydromt_sfincs (v1.0.3).
2024-03-06 15:13:15,464 - prepare data catalog - log - DEBUG - Appending log messages to file c:\Users\pjdeb\OneDrive\Documenten\Universiteit\CT 5\MDP\Git\MDP\SFINCS\model\base\hydromt.log.
2024-03-06 15:13:15,465 - prepare data catalog - model_api - INFO - Initializing sfincs model from hydromt_sfincs (v1.0.3).
2024-03-06 15:24:04,078 - prepare data catalog - log - DEBUG - Appending log messages to file c:\Users\pjdeb\OneDrive\Documenten\Universiteit\CT 5\MDP\Git\MDP\SFINCS\model\base\hydromt.log.
2024-03-06 15:24:04,079 - prepare data catalog - model_api - INFO - Initializing sfincs model from hydromt_sfincs (v1.0.3).
2024-03-06 15:24:23,918 - prepare data catalog - data_catalog - INFO - Parsing data catalog from data\1_static\data_static.yml
2024-03-06 15:24:23,925 - prepare data catalog - model_api - INFO - Initializing sfincs model from hydromt_sfincs (v1.0.3).
2024-03-06 15:26:30,030 - prepare data catalog - data_catalog - INFO - Parsing data catalog from data\1_static\data_static.yml
2024-03-06 15:26:30,039 - prepare data catalog - model_api - INFO - Initializing sfincs model from hydromt_sfincs (v1.0.3).
2024-03-06 15:28:42,232 - prepare data catalog - data_catalog - INFO - Parsing data catalog from data\1_static\data_static.yml
2024-03-06 15:28:42,240 - prepare data catalog - model_api - INFO - Initializing sfincs model from hydromt_sfincs (v1.0.3).
2024-03-06 15:29:28,587 - prepare data catalog - data_catalog - INFO - Parsing data catalog from data\1_static\data_static.yml
2024-03-06 15:29:28,595 - prepare data catalog - model_api - INFO - Initializing sfincs model from hydromt_sfincs (v1.0.3).
2024-03-06 15:29:29,064 - prepare data catalog - basin_mask - DEBUG - Parsed region (kind=bbox): {'bbox': [36.620972222222214, -3.1540277777777708, 41.56041666666665, 0.4798611111111084]}
2024-03-06 15:29:49,267 - prepare data catalog - basin_mask - DEBUG - Parsed region (kind=bbox): {'bbox': [36.620972222222214, -3.1540277777777708, 41.56041666666665, 0.4798611111111084]}
2024-03-06 15:29:49,272 - prepare data catalog - model_api - WARNING - Replacing geom: region
2024-03-06 15:29:52,267 - prepare data catalog - basin_mask - DEBUG - Parsed region (kind=bbox): {'bbox': [36.620972222222214, -3.1540277777777708, 41.56041666666665, 0.4798611111111084]}
2024-03-06 15:29:52,271 - prepare data catalog - model_api - WARNING - Replacing geom: region
2024-03-06 15:33:13,833 - prepare data catalog - basin_mask - DEBUG - Parsed region (kind=bbox): {'bbox': [36.620972222222214, -3.1540277777777708, 41.56041666666665, 0.4798611111111084]}
2024-03-06 15:33:13,837 - prepare data catalog - model_api - WARNING - Replacing geom: region
2024-03-06 15:33:13,839 - prepare data catalog - basin_mask - DEBUG - Parsed region (kind=bbox): {'bbox': [36.620972222222214, -3.1540277777777708, 41.56041666666665, 0.4798611111111084]}
2024-03-06 15:33:13,844 - prepare data catalog - model_api - WARNING - Replacing geom: region
2024-03-06 15:33:53,033 - prepare data catalog - basin_mask - DEBUG - Parsed region (kind=bbox): {'bbox': [36.620972222222214, -3.1540277777777708, 41.56041666666665, 0.4798611111111084]}
2024-03-06 15:33:53,037 - prepare data catalog - model_api - WARNING - Replacing geom: region
2024-03-06 15:33:53,039 - prepare data catalog - basin_mask - DEBUG - Parsed region (kind=bbox): {'bbox': [36.620972222222214, -3.1540277777777708, 41.56041666666665, 0.4798611111111084]}
2024-03-06 15:33:53,045 - prepare data catalog - model_api - WARNING - Replacing geom: region
2024-03-06 15:37:58,807 - prepare data catalog - basin_mask - DEBUG - Parsed region (kind=bbox): {'bbox': [36.620972222222214, -3.1540277777777708, 41.56041666666665, 0.4798611111111084]}
2024-03-06 15:37:58,812 - prepare data catalog - model_api - WARNING - Replacing geom: region
2024-03-06 15:37:58,817 - prepare data catalog - basin_mask - DEBUG - Parsed region (kind=bbox): {'bbox': [36.620972222222214, -3.1540277777777708, 41.56041666666665, 0.4798611111111084]}
2024-03-06 15:37:58,825 - prepare data catalog - model_api - WARNING - Replacing geom: region
2024-03-06 15:38:25,610 - prepare data catalog - basin_mask - DEBUG - Parsed region (kind=bbox): {'bbox': [36.620972222222214, -3.1540277777777708, 41.56041666666665, 0.4798611111111084]}
2024-03-06 15:38:25,614 - prepare data catalog - model_api - WARNING - Replacing geom: region
2024-03-06 15:38:25,618 - prepare data catalog - basin_mask - DEBUG - Parsed region (kind=bbox): {'bbox': [36.620972222222214, -3.1540277777777708, 41.56041666666665, 0.4798611111111084]}
2024-03-06 15:38:25,623 - prepare data catalog - model_api - WARNING - Replacing geom: region
2024-03-06 15:39:05,657 - prepare data catalog - basin_mask - DEBUG - Parsed region (kind=bbox): {'bbox': [36.620972222222214, -3.1540277777777708, 41.56041666666665, 0.4798611111111084]}
2024-03-06 15:39:05,661 - prepare data catalog - model_api - WARNING - Replacing geom: region
2024-03-06 15:39:05,663 - prepare data catalog - basin_mask - DEBUG - Parsed region (kind=bbox): {'bbox': [36.620972222222214, -3.1540277777777708, 41.56041666666665, 0.4798611111111084]}
2024-03-06 15:39:05,669 - prepare data catalog - model_api - WARNING - Replacing geom: region
2024-03-06 15:39:28,175 - prepare data catalog - basin_mask - DEBUG - Parsed region (kind=bbox): {'bbox': [36.620972222222214, -3.1540277777777708, 41.56041666666665, 0.4798611111111084]}
2024-03-06 15:39:28,180 - prepare data catalog - model_api - WARNING - Replacing geom: region
2024-03-06 15:39:43,660 - prepare data catalog - basin_mask - DEBUG - Parsed region (kind=bbox): {'bbox': [36.620972222222214, -3.1540277777777708, 41.56041666666665, 0.4798611111111084]}
2024-03-06 15:39:43,663 - prepare data catalog - model_api - WARNING - Replacing geom: region
2024-03-06 15:43:04,547 - prepare data catalog - basin_mask - DEBUG - Parsed region (kind=bbox): {'bbox': [36.620972222222214, -3.1540277777777708, 41.56041666666665, 0.4798611111111084]}
2024-03-06 15:43:04,551 - prepare data catalog - model_api - WARNING - Replacing geom: region
2024-03-06 15:44:29,530 - prepare data catalog - basin_mask - DEBUG - Parsed region (kind=bbox): {'bbox': [36.620972222222214, -3.1540277777777708, 41.56041666666665, 0.4798611111111084]}
2024-03-06 15:44:29,534 - prepare data catalog - model_api - WARNING - Replacing geom: region
2024-03-06 15:44:37,699 - prepare data catalog - basin_mask - DEBUG - Parsed region (kind=bbox): {'bbox': [36.620972222222214, -3.1540277777777708, 41.56041666666665, 0.4798611111111084]}
2024-03-06 15:44:37,705 - prepare data catalog - model_api - WARNING - Replacing geom: region
2024-03-06 15:44:56,633 - prepare data catalog - basin_mask - DEBUG - Parsed region (kind=bbox): {'bbox': [36.620972222222214, -3.1540277777777708, 41.56041666666665, 0.4798611111111084]}
2024-03-06 15:44:56,638 - prepare data catalog - model_api - WARNING - Replacing geom: region
2024-03-06 15:53:02,494 - prepare data catalog - basin_mask - DEBUG - Parsed region (kind=bbox): {'bbox': [36.620972222222214, -3.1540277777777708, 41.56041666666665, 0.4798611111111084]}
2024-03-06 15:53:02,500 - prepare data catalog - model_api - WARNING - Replacing geom: region
2024-03-06 15:54:03,301 - prepare data catalog - basin_mask - DEBUG - Parsed region (kind=bbox): {'bbox': [36.620972222222214, -3.1540277777777708, 41.56041666666665, 0.4798611111111084]}
2024-03-06 15:54:03,307 - prepare data catalog - model_api - WARNING - Replacing geom: region
2024-03-06 15:54:21,916 - prepare data catalog - basin_mask - DEBUG - Parsed region (kind=bbox): {'bbox': [36.620972222222214, -3.1540277777777708, 41.56041666666665, 0.4798611111111084]}
2024-03-06 15:54:21,921 - prepare data catalog - model_api - WARNING - Replacing geom: region
2024-03-06 15:55:44,037 - prepare data catalog - rasterdataset - INFO - Reading srtm30 raster data from c:\Users\pjdeb\OneDrive\Documenten\Universiteit\CT 5\MDP\Git\MDP\SFINCS\data\1_static\STRM30DEM.tif
2024-03-06 15:55:44,140 - prepare data catalog - rasterdataset - DEBUG - Clip to [37.000, -3.000, 41.561, 0.480] (epsg:4326))
2024-03-06 15:55:45,958 - prepare data catalog - merge - DEBUG - Reprojection method of first dataset is: average
2024-03-06 15:55:46,079 - prepare data catalog - sfincs - WARNING - Interpolate elevation at 5839880 cells
2024-03-06 15:58:22,317 - prepare data catalog - log - DEBUG - Appending log messages to file c:\Users\pjdeb\OneDrive\Documenten\Universiteit\CT 5\MDP\Git\MDP\SFINCS\model\base\hydromt.log.
2024-03-06 15:58:22,322 - prepare data catalog - model_api - INFO - Initializing sfincs model from hydromt_sfincs (v1.0.3).
2024-03-06 15:58:22,372 - prepare data catalog - basin_mask - DEBUG - Parsed region (kind=bbox): {'bbox': [36.620972222222214, -3.1540277777777708, 41.56041666666665, 0.4798611111111084]}
2024-03-06 15:58:22,448 - prepare data catalog - rasterdataset - INFO - Reading srtm30 raster data from c:\Users\pjdeb\OneDrive\Documenten\Universiteit\CT 5\MDP\Git\MDP\SFINCS\data\1_static\STRM30DEM.tif
2024-03-06 15:58:22,619 - prepare data catalog - rasterdataset - DEBUG - Clip to [37.000, -3.000, 41.561, 0.480] (epsg:4326))
2024-03-06 15:58:25,912 - prepare data catalog - merge - DEBUG - Reprojection method of first dataset is: average
2024-03-06 15:58:26,067 - prepare data catalog - sfincs - WARNING - Interpolate elevation at 5839880 cells
2024-03-06 15:59:10,136 - prepare data catalog - log - DEBUG - Appending log messages to file c:\Users\pjdeb\OneDrive\Documenten\Universiteit\CT 5\MDP\Git\MDP\SFINCS\model\base\hydromt.log.
2024-03-06 15:59:10,137 - prepare data catalog - model_api - INFO - Initializing sfincs model from hydromt_sfincs (v1.0.3).
2024-03-06 15:59:10,160 - prepare data catalog - basin_mask - DEBUG - Parsed region (kind=bbox): {'bbox': [36.620972222222214, -3.1540277777777708, 41.56041666666665, 0.4798611111111084]}
2024-03-06 15:59:10,207 - prepare data catalog - rasterdataset - INFO - Reading srtm30 raster data from c:\Users\pjdeb\OneDrive\Documenten\Universiteit\CT 5\MDP\Git\MDP\SFINCS\data\1_static\STRM30DEM.tif
2024-03-06 15:59:10,342 - prepare data catalog - rasterdataset - DEBUG - Clip to [37.000, -3.000, 41.600, 0.500] (epsg:4326))
2024-03-06 15:59:11,504 - prepare data catalog - merge - DEBUG - Reprojection method of first dataset is: average
2024-03-06 15:59:11,507 - prepare data catalog - sfincs - WARNING - Interpolate elevation at 604 cells
2024-03-06 15:59:31,148 - prepare data catalog - basin_mask - DEBUG - Parsed region (kind=bbox): {'bbox': [36.620972222222214, -3.1540277777777708, 41.56041666666665, 0.4798611111111084]}
2024-03-06 15:59:31,153 - prepare data catalog - model_api - WARNING - Replacing geom: region
2024-03-06 15:59:33,030 - prepare data catalog - rasterdataset - INFO - Reading srtm30 raster data from c:\Users\pjdeb\OneDrive\Documenten\Universiteit\CT 5\MDP\Git\MDP\SFINCS\data\1_static\STRM30DEM.tif
2024-03-06 15:59:33,056 - prepare data catalog - rasterdataset - DEBUG - Clip to [37.000, -3.000, 41.570, 0.480] (epsg:4326))
2024-03-06 15:59:34,174 - prepare data catalog - merge - DEBUG - Reprojection method of first dataset is: average
2024-03-06 15:59:34,177 - prepare data catalog - sfincs - WARNING - Interpolate elevation at 58696 cells
2024-03-06 15:59:43,773 - prepare data catalog - log - DEBUG - Appending log messages to file c:\Users\pjdeb\OneDrive\Documenten\Universiteit\CT 5\MDP\Git\MDP\SFINCS\model\base\hydromt.log.
2024-03-06 15:59:43,774 - prepare data catalog - model_api - INFO - Initializing sfincs model from hydromt_sfincs (v1.0.3).
2024-03-06 15:59:43,794 - prepare data catalog - basin_mask - DEBUG - Parsed region (kind=bbox): {'bbox': [36.620972222222214, -3.1540277777777708, 41.56041666666665, 0.4798611111111084]}
2024-03-06 15:59:43,845 - prepare data catalog - rasterdataset - INFO - Reading srtm30 raster data from c:\Users\pjdeb\OneDrive\Documenten\Universiteit\CT 5\MDP\Git\MDP\SFINCS\data\1_static\STRM30DEM.tif
2024-03-06 15:59:43,984 - prepare data catalog - rasterdataset - DEBUG - Clip to [37.000, -3.000, 41.570, 0.480] (epsg:4326))
2024-03-06 15:59:45,149 - prepare data catalog - merge - DEBUG - Reprojection method of first dataset is: average
2024-03-06 15:59:45,154 - prepare data catalog - sfincs - WARNING - Interpolate elevation at 58696 cells
2024-03-06 16:01:21,076 - prepare data catalog - rasterdataset - INFO - Reading srtm30 raster data from c:\Users\pjdeb\OneDrive\Documenten\Universiteit\CT 5\MDP\Git\MDP\SFINCS\data\1_static\STRM30DEM.tif
2024-03-06 16:01:21,102 - prepare data catalog - rasterdataset - DEBUG - Clip to [37.000, -3.000, 41.570, 0.480] (epsg:4326))
2024-03-06 16:01:22,238 - prepare data catalog - merge - DEBUG - Reprojection method of first dataset is: average
2024-03-06 16:01:22,245 - prepare data catalog - sfincs - WARNING - Interpolate elevation at 58696 cells
2024-03-06 16:01:29,021 - prepare data catalog - regulargrid - INFO - 1 gaps outside valid elevation range < 10.0 km2.
2024-03-06 16:01:29,026 - prepare data catalog - sfincs - INFO - Derive region geometry based on active cells.
2024-03-06 16:01:29,042 - prepare data catalog - model_api - WARNING - Replacing geom: region
2024-03-06 17:02:53,066 - prepare data catalog - log - DEBUG - Appending log messages to file c:\Users\pjdeb\OneDrive\Documenten\Universiteit\CT 5\MDP\Git\MDP\SFINCS\model\base\hydromt.log.
2024-03-06 17:02:53,067 - prepare data catalog - model_api - INFO - Initializing sfincs model from hydromt_sfincs (v1.0.3).
2024-03-06 17:02:53,090 - prepare data catalog - basin_mask - DEBUG - Parsed region (kind=bbox): {'bbox': [36.620972222222214, -3.1540277777777708, 41.56041666666665, 0.4798611111111084]}
2024-03-06 17:02:53,133 - prepare data catalog - rasterdataset - INFO - Reading srtm30 raster data from c:\Users\pjdeb\OneDrive\Documenten\Universiteit\CT 5\MDP\Git\MDP\SFINCS\data\1_static\STRM30DEM.tif
2024-03-06 17:02:53,224 - prepare data catalog - rasterdataset - DEBUG - Clip to [37.000, -3.000, 41.570, 0.480] (epsg:4326))
2024-03-06 17:02:54,422 - prepare data catalog - merge - DEBUG - Reprojection method of first dataset is: average
2024-03-06 17:02:54,430 - prepare data catalog - sfincs - WARNING - Interpolate elevation at 58696 cells
2024-03-06 17:02:56,096 - prepare data catalog - geodataframe - INFO - Reading osm_coastlines vector data from c:\Users\pjdeb\OneDrive\Documenten\Universiteit\CT 5\MDP\Git\MDP\SFINCS\data\1_static\osm_coastlines\osm_coastlines.gpkg
2024-03-06 17:02:56,247 - prepare data catalog - geodataframe - DEBUG - Clip intersects [37.000, -3.000, 41.570, 0.480] (EPSG:4326)
2024-03-06 17:06:22,670 - prepare data catalog - geodataframe - INFO - Reading osm_coastlines vector data from c:\Users\pjdeb\OneDrive\Documenten\Universiteit\CT 5\MDP\Git\MDP\SFINCS\data\1_static\osm_coastlines\osm_coastlines.gpkg
2024-03-06 17:06:22,938 - prepare data catalog - geodataframe - DEBUG - Clip intersects [37.000, -3.000, 41.570, 0.480] (EPSG:4326)
2024-03-06 17:07:16,904 - prepare data catalog - geodataframe - INFO - Reading osm_coastlines vector data from c:\Users\pjdeb\OneDrive\Documenten\Universiteit\CT 5\MDP\Git\MDP\SFINCS\data\1_static\osm_coastlines\osm_coastlines.gpkg
2024-03-06 17:07:17,008 - prepare data catalog - geodataframe - DEBUG - Clip intersects [37.000, -3.000, 41.570, 0.480] (EPSG:4326)
2024-03-06 17:09:43,562 - prepare data catalog - regulargrid - INFO - 1 gaps outside valid elevation range < 10.0 km2.
2024-03-06 17:09:43,568 - prepare data catalog - sfincs - INFO - Derive region geometry based on active cells.
2024-03-06 17:09:43,580 - prepare data catalog - model_api - WARNING - Replacing geom: region
2024-03-06 17:09:44,557 - prepare data catalog - geodataframe - INFO - Reading osm_coastlines vector data from c:\Users\pjdeb\OneDrive\Documenten\Universiteit\CT 5\MDP\Git\MDP\SFINCS\data\1_static\osm_coastlines\osm_coastlines.gpkg
2024-03-06 17:09:44,722 - prepare data catalog - geodataframe - DEBUG - Clip intersects [37.000, -3.000, 41.570, 0.480] (EPSG:4326)
2024-03-06 17:10:34,254 - prepare data catalog - geodataframe - INFO - Reading osm_coastlines vector data from c:\Users\pjdeb\OneDrive\Documenten\Universiteit\CT 5\MDP\Git\MDP\SFINCS\data\1_static\osm_coastlines\osm_coastlines.gpkg
2024-03-06 17:10:34,364 - prepare data catalog - geodataframe - DEBUG - Clip intersects [37.000, -3.000, 41.570, 0.480] (EPSG:4326)
2024-03-06 17:10:44,888 - prepare data catalog - regulargrid - INFO - 20 gaps outside valid elevation range < 10.0 km2.
2024-03-06 17:10:44,895 - prepare data catalog - sfincs - INFO - Derive region geometry based on active cells.
2024-03-06 17:10:44,913 - prepare data catalog - model_api - WARNING - Replacing geom: region
2024-03-06 17:10:52,574 - prepare data catalog - geodataframe - INFO - Reading osm_coastlines vector data from c:\Users\pjdeb\OneDrive\Documenten\Universiteit\CT 5\MDP\Git\MDP\SFINCS\data\1_static\osm_coastlines\osm_coastlines.gpkg
2024-03-06 17:10:52,781 - prepare data catalog - geodataframe - DEBUG - Clip intersects [37.000, -3.000, 41.570, 0.480] (EPSG:4326)
2024-03-06 17:13:38,855 - prepare data catalog - geodataframe - INFO - Reading osm_coastlines vector data from c:\Users\pjdeb\OneDrive\Documenten\Universiteit\CT 5\MDP\Git\MDP\SFINCS\data\1_static\osm_coastlines\osm_coastlines.gpkg
2024-03-06 17:13:38,960 - prepare data catalog - geodataframe - DEBUG - Clip intersects [37.000, -3.000, 41.570, 0.480] (EPSG:4326)
2024-03-06 17:13:39,042 - prepare data catalog - regulargrid - INFO - 8 gaps outside valid elevation range < 10.0 km2.
2024-03-06 17:13:39,047 - prepare data catalog - sfincs - INFO - Derive region geometry based on active cells.
2024-03-06 17:13:39,058 - prepare data catalog - model_api - WARNING - Replacing geom: region
2024-03-06 17:13:57,957 - prepare data catalog - geodataframe - INFO - Reading osm_coastlines vector data from c:\Users\pjdeb\OneDrive\Documenten\Universiteit\CT 5\MDP\Git\MDP\SFINCS\data\1_static\osm_coastlines\osm_coastlines.gpkg
2024-03-06 17:13:58,119 - prepare data catalog - geodataframe - DEBUG - Clip intersects [40.160, -3.000, 41.570, -1.660] (EPSG:4326)
2024-03-06 17:13:58,212 - prepare data catalog - regulargrid - INFO - 8 gaps outside valid elevation range < 10.0 km2.
2024-03-06 17:13:58,217 - prepare data catalog - sfincs - INFO - Derive region geometry based on active cells.
2024-03-06 17:13:58,230 - prepare data catalog - model_api - WARNING - Replacing geom: region
2024-03-06 17:14:01,572 - prepare data catalog - geodataframe - INFO - Reading osm_coastlines vector data from c:\Users\pjdeb\OneDrive\Documenten\Universiteit\CT 5\MDP\Git\MDP\SFINCS\data\1_static\osm_coastlines\osm_coastlines.gpkg
2024-03-06 17:14:01,754 - prepare data catalog - geodataframe - DEBUG - Clip intersects [40.160, -3.000, 41.570, -1.660] (EPSG:4326)
2024-03-06 17:14:01,845 - prepare data catalog - regulargrid - INFO - 8 gaps outside valid elevation range < 10.0 km2.
2024-03-06 17:14:01,850 - prepare data catalog - sfincs - INFO - Derive region geometry based on active cells.
2024-03-06 17:14:01,863 - prepare data catalog - model_api - WARNING - Replacing geom: region
2024-03-06 17:15:23,865 - prepare data catalog - geodataframe - INFO - Reading osm_coastlines vector data from c:\Users\pjdeb\OneDrive\Documenten\Universiteit\CT 5\MDP\Git\MDP\SFINCS\data\1_static\osm_coastlines\osm_coastlines.gpkg
2024-03-06 17:15:23,984 - prepare data catalog - geodataframe - DEBUG - Clip intersects [40.160, -3.000, 41.570, -1.660] (EPSG:4326)
2024-03-06 17:15:24,007 - prepare data catalog - regulargrid - INFO - 0 gaps outside valid elevation range < 10.0 km2.
2024-03-06 17:15:24,074 - prepare data catalog - sfincs - WARNING - No active cells found.
2024-03-06 17:15:30,759 - prepare data catalog - geodataframe - INFO - Reading osm_coastlines vector data from c:\Users\pjdeb\OneDrive\Documenten\Universiteit\CT 5\MDP\Git\MDP\SFINCS\data\1_static\osm_coastlines\osm_coastlines.gpkg
2024-03-06 17:15:30,871 - prepare data catalog - geodataframe - DEBUG - Clip intersects [40.160, -3.000, 41.570, -1.660] (EPSG:4326)
2024-03-06 17:15:30,897 - prepare data catalog - regulargrid - INFO - 0 gaps outside valid elevation range < 10.0 km2.
2024-03-06 17:15:30,969 - prepare data catalog - sfincs - INFO - Derive region geometry based on active cells.
2024-03-06 17:15:30,983 - prepare data catalog - model_api - WARNING - Replacing geom: region
2024-03-06 17:15:36,060 - prepare data catalog - geodataframe - INFO - Reading osm_coastlines vector data from c:\Users\pjdeb\OneDrive\Documenten\Universiteit\CT 5\MDP\Git\MDP\SFINCS\data\1_static\osm_coastlines\osm_coastlines.gpkg
2024-03-06 17:15:36,181 - prepare data catalog - geodataframe - DEBUG - Clip intersects [40.160, -3.000, 41.570, -1.660] (EPSG:4326)
2024-03-06 17:15:36,262 - prepare data catalog - regulargrid - INFO - 8 gaps outside valid elevation range < 10.0 km2.
2024-03-06 17:15:36,266 - prepare data catalog - sfincs - INFO - Derive region geometry based on active cells.
2024-03-06 17:15:36,279 - prepare data catalog - model_api - WARNING - Replacing geom: region
2024-03-07 15:14:31,886 - prepare data catalog - log - DEBUG - Appending log messages to file c:\Users\pjdeb\OneDrive\Documenten\Universiteit\CT 5\MDP\Git\MDP\SFINCS\model\base\hydromt.log.
2024-03-07 15:14:31,889 - prepare data catalog - model_api - INFO - Initializing sfincs model from hydromt_sfincs (v1.0.3).
2024-03-07 15:21:18,104 - prepare data catalog - log - DEBUG - Appending log messages to file c:\Users\pjdeb\OneDrive\Documenten\Universiteit\CT 5\MDP\Git\MDP\SFINCS\model\base\hydromt.log.
2024-03-07 15:21:18,105 - prepare data catalog - model_api - INFO - Initializing sfincs model from hydromt_sfincs (v1.0.3).
2024-03-07 15:21:22,710 - prepare data catalog - rasterdataset - INFO - Reading srtm30 raster data from c:\Users\pjdeb\OneDrive\Documenten\Universiteit\CT 5\MDP\Git\MDP\SFINCS\data\1_static\srtm30\STRM30DEM_garissa.tif
2024-03-07 15:21:22,841 - prepare data catalog - rasterdataset - DEBUG - Clip to [39.516, -0.605, 39.789, -0.269] (epsg:4326))
2024-03-07 15:21:23,457 - prepare data catalog - merge - DEBUG - Reprojection method of first dataset is: average
2024-03-07 15:21:23,461 - prepare data catalog - sfincs - WARNING - Interpolate elevation at 19130 cells
2024-03-07 15:23:41,615 - prepare data catalog - log - DEBUG - Appending log messages to file c:\Users\pjdeb\OneDrive\Documenten\Universiteit\CT 5\MDP\Git\MDP\SFINCS\model\base\hydromt.log.
2024-03-07 15:23:41,616 - prepare data catalog - model_api - INFO - Initializing sfincs model from hydromt_sfincs (v1.0.3).
2024-03-07 15:23:45,400 - prepare data catalog - rasterdataset - INFO - Reading srtm30 raster data from c:\Users\pjdeb\OneDrive\Documenten\Universiteit\CT 5\MDP\Git\MDP\SFINCS\data\1_static\srtm30\STRM30DEM_garissa.tif
2024-03-07 15:23:45,516 - prepare data catalog - rasterdataset - DEBUG - Clip to [39.516, -0.605, 39.763, -0.283] (epsg:4326))
2024-03-07 15:23:45,913 - prepare data catalog - merge - DEBUG - Reprojection method of first dataset is: average
2024-03-07 15:23:45,917 - prepare data catalog - sfincs - WARNING - Interpolate elevation at 2884 cells
2024-03-07 15:24:05,558 - prepare data catalog - log - DEBUG - Appending log messages to file c:\Users\pjdeb\OneDrive\Documenten\Universiteit\CT 5\MDP\Git\MDP\SFINCS\model\base\hydromt.log.
2024-03-07 15:24:05,559 - prepare data catalog - model_api - INFO - Initializing sfincs model from hydromt_sfincs (v1.0.3).
2024-03-07 15:24:11,058 - prepare data catalog - rasterdataset - INFO - Reading srtm30 raster data from c:\Users\pjdeb\OneDrive\Documenten\Universiteit\CT 5\MDP\Git\MDP\SFINCS\data\1_static\srtm30\STRM30DEM_garissa.tif
2024-03-07 15:24:11,215 - prepare data catalog - rasterdataset - DEBUG - Clip to [39.516, -0.605, 39.745, -0.293] (epsg:4326))
2024-03-07 15:24:11,723 - prepare data catalog - merge - DEBUG - Reprojection method of first dataset is: average
2024-03-07 15:24:11,727 - prepare data catalog - sfincs - WARNING - Interpolate elevation at 770 cells
2024-03-07 15:24:49,711 - prepare data catalog - regulargrid - INFO - 0 gaps outside valid elevation range < 10.0 km2.
2024-03-07 15:24:49,716 - prepare data catalog - sfincs - INFO - Derive region geometry based on active cells.
2024-03-07 15:24:53,509 - prepare data catalog - regulargrid - INFO - 0 gaps outside valid elevation range < 10.0 km2.
2024-03-07 15:24:53,518 - prepare data catalog - sfincs - INFO - Derive region geometry based on active cells.
2024-03-07 15:24:53,554 - prepare data catalog - model_api - WARNING - Replacing geom: region
2024-03-07 15:26:52,660 - prepare data catalog - regulargrid - DEBUG - outflow (mask=3) boundary cells reset.
2024-03-07 15:27:33,735 - prepare data catalog - regulargrid - DEBUG - outflow (mask=3) boundary cells reset.
2024-03-07 15:27:43,167 - prepare data catalog - regulargrid - DEBUG - outflow (mask=3) boundary cells reset.
2024-03-07 15:32:05,043 - prepare data catalog - rasterdataset - INFO - Reading srtm30 raster data from c:\Users\pjdeb\OneDrive\Documenten\Universiteit\CT 5\MDP\Git\MDP\SFINCS\data\1_static\srtm30\STRM30DEM_garissa.tif
2024-03-09 16:06:20,887 - prepare data catalog - log - DEBUG - Appending log messages to file c:\Users\pjdeb\OneDrive\Documenten\Universiteit\CT 5\MDP\Git\MDP\SFINCS\model\base\hydromt.log.
2024-03-09 16:06:20,892 - prepare data catalog - model_api - INFO - Initializing sfincs model from hydromt_sfincs (v1.0.3).
2024-03-09 16:06:29,672 - prepare data catalog - rasterdataset - INFO - Reading srtm30 raster data from c:\Users\pjdeb\OneDrive\Documenten\Universiteit\CT 5\MDP\Git\MDP\SFINCS\data\1_static\srtm30\STRM30DEM_garissa.tif
2024-03-09 16:06:29,872 - prepare data catalog - rasterdataset - DEBUG - Clip to [39.516, -0.605, 39.745, -0.293] (epsg:4326))
2024-03-09 16:06:30,829 - prepare data catalog - merge - DEBUG - Reprojection method of first dataset is: average
2024-03-09 16:06:30,839 - prepare data catalog - sfincs - WARNING - Interpolate elevation at 770 cells
2024-03-09 16:06:32,753 - prepare data catalog - regulargrid - INFO - 0 gaps outside valid elevation range < 10.0 km2.
2024-03-09 16:06:32,758 - prepare data catalog - sfincs - INFO - Derive region geometry based on active cells.
2024-03-09 16:08:44,001 - prepare data catalog - data_catalog - INFO - Parsing data catalog from data\1_static\data_static_garissa.yml
2024-03-09 16:08:44,038 - prepare data catalog - model_api - INFO - Initializing sfincs model from hydromt_sfincs (v1.0.3).
2024-03-09 16:08:49,575 - prepare data catalog - rasterdataset - INFO - Reading srtm30 raster data from c:\Users\pjdeb\OneDrive\Documenten\Universiteit\CT 5\MDP\Git\MDP\SFINCS\data\1_static\srtm30\STRM30DEM_garissa.tif
2024-03-09 16:08:49,637 - prepare data catalog - rasterdataset - DEBUG - Clip to [39.516, -0.605, 39.745, -0.293] (epsg:4326))
2024-03-09 16:08:49,711 - prepare data catalog - merge - DEBUG - Reprojection method of first dataset is: average
2024-03-09 16:08:49,715 - prepare data catalog - sfincs - WARNING - Interpolate elevation at 770 cells
2024-03-09 16:09:01,934 - prepare data catalog - regulargrid - INFO - 0 gaps outside valid elevation range < 10.0 km2.
2024-03-09 16:09:01,944 - prepare data catalog - sfincs - INFO - Derive region geometry based on active cells.
2024-03-09 16:20:36,188 - prepare data catalog - rasterdataset - INFO - Reading merit_hydro raster data from c:\Users\pjdeb\OneDrive\Documenten\Universiteit\CT 5\MDP\Git\MDP\SFINCS\data\1_static\merit_hydro\{variable}_tana.tif
2024-03-09 16:20:36,206 - prepare data catalog - io - WARNING - nodata value missing for c:\Users\pjdeb\OneDrive\Documenten\Universiteit\CT 5\MDP\Git\MDP\SFINCS\data\1_static\merit_hydro\uparea_tana.tif
2024-03-09 16:20:36,226 - prepare data catalog - io - WARNING - nodata value missing for c:\Users\pjdeb\OneDrive\Documenten\Universiteit\CT 5\MDP\Git\MDP\SFINCS\data\1_static\merit_hydro\flwdir_tana.tif
2024-03-09 16:33:24,660 - prepare data catalog - log - DEBUG - Appending log messages to file c:\Users\pjdeb\OneDrive\Documenten\Universiteit\CT 5\MDP\Git\MDP\SFINCS\model\base\hydromt.log.
2024-03-09 16:33:24,661 - prepare data catalog - model_api - INFO - Initializing sfincs model from hydromt_sfincs (v1.0.3).
2024-03-09 16:33:28,614 - prepare data catalog - rasterdataset - INFO - Reading srtm30 raster data from c:\Users\pjdeb\OneDrive\Documenten\Universiteit\CT 5\MDP\Git\MDP\SFINCS\data\1_static\srtm30\STRM30DEM_garissa.tif
2024-03-09 16:33:28,691 - prepare data catalog - rasterdataset - DEBUG - Clip to [39.516, -0.605, 39.745, -0.293] (epsg:4326))
2024-03-09 16:33:29,008 - prepare data catalog - merge - DEBUG - Reprojection method of first dataset is: average
2024-03-09 16:33:29,008 - prepare data catalog - sfincs - WARNING - Interpolate elevation at 770 cells
2024-03-09 16:33:30,040 - prepare data catalog - regulargrid - INFO - 0 gaps outside valid elevation range < 10.0 km2.
2024-03-09 16:33:30,040 - prepare data catalog - sfincs - INFO - Derive region geometry based on active cells.
2024-03-09 16:33:32,326 - prepare data catalog - rasterdataset - INFO - Reading merit_hydro raster data from c:\Users\pjdeb\OneDrive\Documenten\Universiteit\CT 5\MDP\Git\MDP\SFINCS\data\1_static\merit_hydro\{variable}.tif
2024-03-09 16:33:32,338 - prepare data catalog - io - WARNING - nodata value missing for c:\Users\pjdeb\OneDrive\Documenten\Universiteit\CT 5\MDP\Git\MDP\SFINCS\data\1_static\merit_hydro\flwdir.tif
2024-03-09 16:33:32,356 - prepare data catalog - io - WARNING - nodata value missing for c:\Users\pjdeb\OneDrive\Documenten\Universiteit\CT 5\MDP\Git\MDP\SFINCS\data\1_static\merit_hydro\uparea.tif
2024-03-09 16:33:32,394 - prepare data catalog - rasterdataset - DEBUG - Clip to [39.516, -0.605, 39.745, -0.293] (epsg:4326))
2024-03-09 16:37:19,566 - prepare data catalog - rasterdataset - INFO - Reading merit_hydro raster data from c:\Users\pjdeb\OneDrive\Documenten\Universiteit\CT 5\MDP\Git\MDP\SFINCS\data\1_static\merit_hydro\{variable}.tif
2024-03-09 16:37:19,589 - prepare data catalog - io - WARNING - nodata value missing for c:\Users\pjdeb\OneDrive\Documenten\Universiteit\CT 5\MDP\Git\MDP\SFINCS\data\1_static\merit_hydro\flwdir.tif
2024-03-09 16:37:19,609 - prepare data catalog - io - WARNING - nodata value missing for c:\Users\pjdeb\OneDrive\Documenten\Universiteit\CT 5\MDP\Git\MDP\SFINCS\data\1_static\merit_hydro\uparea.tif
2024-03-09 16:37:19,637 - prepare data catalog - rasterdataset - DEBUG - Clip to [39.516, -0.605, 39.745, -0.293] (epsg:4326))
2024-03-09 19:14:32,425 - prepare data catalog - log - DEBUG - Appending log messages to file c:\Users\pjdeb\OneDrive\Documenten\Universiteit\CT 5\MDP\Git\MDP\SFINCS\model\base\hydromt.log.
2024-03-09 19:14:32,426 - prepare data catalog - model_api - INFO - Initializing sfincs model from hydromt_sfincs (v1.0.3).
2024-03-09 19:14:36,725 - prepare data catalog - rasterdataset - INFO - Reading srtm30 raster data from c:\Users\pjdeb\OneDrive\Documenten\Universiteit\CT 5\MDP\Git\MDP\SFINCS\data\1_static\srtm30\STRM30DEM_garissa.tif
2024-03-09 19:14:36,856 - prepare data catalog - rasterdataset - DEBUG - Clip to [39.516, -0.605, 39.745, -0.293] (epsg:4326))
2024-03-09 19:14:37,206 - prepare data catalog - merge - DEBUG - Reprojection method of first dataset is: average
2024-03-09 19:14:37,206 - prepare data catalog - sfincs - WARNING - Interpolate elevation at 770 cells
2024-03-09 19:14:40,573 - prepare data catalog - regulargrid - INFO - 0 gaps outside valid elevation range < 10.0 km2.
2024-03-09 19:14:40,576 - prepare data catalog - sfincs - INFO - Derive region geometry based on active cells.
2024-03-09 19:14:55,615 - prepare data catalog - rasterdataset - INFO - Reading merit_hydro raster data from c:\Users\pjdeb\OneDrive\Documenten\Universiteit\CT 5\MDP\Git\MDP\SFINCS\data\1_static\merit_hydro\{variable}.tif
2024-03-09 19:14:55,628 - prepare data catalog - io - WARNING - nodata value missing for c:\Users\pjdeb\OneDrive\Documenten\Universiteit\CT 5\MDP\Git\MDP\SFINCS\data\1_static\merit_hydro\uparea.tif
2024-03-09 19:16:47,020 - prepare data catalog - log - DEBUG - Appending log messages to file c:\Users\pjdeb\OneDrive\Documenten\Universiteit\CT 5\MDP\Git\MDP\SFINCS\model\base\hydromt.log.
2024-03-09 19:16:47,021 - prepare data catalog - model_api - INFO - Initializing sfincs model from hydromt_sfincs (v1.0.3).
2024-03-09 19:16:50,544 - prepare data catalog - rasterdataset - INFO - Reading srtm30 raster data from c:\Users\pjdeb\OneDrive\Documenten\Universiteit\CT 5\MDP\Git\MDP\SFINCS\data\1_static\srtm30\STRM30DEM_garissa.tif
2024-03-09 19:16:50,624 - prepare data catalog - rasterdataset - DEBUG - Clip to [39.516, -0.605, 39.745, -0.293] (epsg:4326))
2024-03-09 19:16:50,921 - prepare data catalog - merge - DEBUG - Reprojection method of first dataset is: average
2024-03-09 19:16:50,925 - prepare data catalog - sfincs - WARNING - Interpolate elevation at 770 cells
2024-03-09 19:16:52,017 - prepare data catalog - regulargrid - INFO - 0 gaps outside valid elevation range < 10.0 km2.
2024-03-09 19:16:52,021 - prepare data catalog - sfincs - INFO - Derive region geometry based on active cells.
2024-03-09 19:16:54,228 - prepare data catalog - rasterdataset - INFO - Reading merit_hydro raster data from c:\Users\pjdeb\OneDrive\Documenten\Universiteit\CT 5\MDP\Git\MDP\SFINCS\data\1_static\merit_hydro\{variable}.tif
2024-03-09 19:16:54,293 - prepare data catalog - rasterdataset - DEBUG - Clip to [39.516, -0.605, 39.745, -0.293] (epsg:4326))
2024-03-09 19:24:05,302 - prepare data catalog - rasterdataset - INFO - Reading merit_hydro raster data from c:\Users\pjdeb\OneDrive\Documenten\Universiteit\CT 5\MDP\Git\MDP\SFINCS\data\1_static\merit_hydro\{variable}.tif
2024-03-09 19:24:05,314 - prepare data catalog - io - WARNING - nodata value missing for c:\Users\pjdeb\OneDrive\Documenten\Universiteit\CT 5\MDP\Git\MDP\SFINCS\data\1_static\merit_hydro\uparea.tif
2024-03-09 19:24:05,329 - prepare data catalog - io - WARNING - nodata value missing for c:\Users\pjdeb\OneDrive\Documenten\Universiteit\CT 5\MDP\Git\MDP\SFINCS\data\1_static\merit_hydro\flwdir.tif
2024-03-09 19:24:05,368 - prepare data catalog - rasterdataset - DEBUG - Clip to [39.516, -0.605, 39.745, -0.293] (epsg:4326))
2024-03-09 19:24:16,846 - prepare data catalog - log - DEBUG - Appending log messages to file c:\Users\pjdeb\OneDrive\Documenten\Universiteit\CT 5\MDP\Git\MDP\SFINCS\model\base\hydromt.log.
2024-03-09 19:24:16,847 - prepare data catalog - model_api - INFO - Initializing sfincs model from hydromt_sfincs (v1.0.3).
2024-03-09 19:24:20,835 - prepare data catalog - rasterdataset - INFO - Reading srtm30 raster data from c:\Users\pjdeb\OneDrive\Documenten\Universiteit\CT 5\MDP\Git\MDP\SFINCS\data\1_static\srtm30\STRM30DEM_garissa.tif
2024-03-09 19:24:20,920 - prepare data catalog - rasterdataset - DEBUG - Clip to [39.516, -0.605, 39.745, -0.293] (epsg:4326))
2024-03-09 19:24:21,243 - prepare data catalog - merge - DEBUG - Reprojection method of first dataset is: average
2024-03-09 19:24:21,247 - prepare data catalog - sfincs - WARNING - Interpolate elevation at 770 cells
2024-03-09 19:24:22,423 - prepare data catalog - regulargrid - INFO - 0 gaps outside valid elevation range < 10.0 km2.
2024-03-09 19:24:22,428 - prepare data catalog - sfincs - INFO - Derive region geometry based on active cells.
2024-03-09 19:24:24,768 - prepare data catalog - rasterdataset - INFO - Reading merit_hydro raster data from c:\Users\pjdeb\OneDrive\Documenten\Universiteit\CT 5\MDP\Git\MDP\SFINCS\data\1_static\merit_hydro\{variable}.tif
2024-03-09 19:24:24,787 - prepare data catalog - io - WARNING - nodata value missing for c:\Users\pjdeb\OneDrive\Documenten\Universiteit\CT 5\MDP\Git\MDP\SFINCS\data\1_static\merit_hydro\flwdir.tif
2024-03-09 19:24:24,800 - prepare data catalog - io - WARNING - nodata value missing for c:\Users\pjdeb\OneDrive\Documenten\Universiteit\CT 5\MDP\Git\MDP\SFINCS\data\1_static\merit_hydro\uparea.tif
2024-03-09 19:24:24,838 - prepare data catalog - rasterdataset - DEBUG - Clip to [39.516, -0.605, 39.745, -0.293] (epsg:4326))
2024-03-09 19:34:41,914 - prepare data catalog - log - DEBUG - Appending log messages to file c:\Users\pjdeb\OneDrive\Documenten\Universiteit\CT 5\MDP\Git\MDP\SFINCS\model\base\hydromt.log.
2024-03-09 19:34:41,915 - prepare data catalog - model_api - INFO - Initializing sfincs model from hydromt_sfincs (v1.0.3).
2024-03-09 19:34:44,794 - prepare data catalog - rasterdataset - INFO - Reading srtm30 raster data from c:\Users\pjdeb\OneDrive\Documenten\Universiteit\CT 5\MDP\Git\MDP\SFINCS\data\1_static\srtm30\STRM30DEM_garissa.tif
2024-03-09 19:34:44,874 - prepare data catalog - rasterdataset - DEBUG - Clip to [39.516, -0.605, 39.745, -0.293] (epsg:4326))
2024-03-09 19:34:45,166 - prepare data catalog - merge - DEBUG - Reprojection method of first dataset is: average
2024-03-09 19:34:45,169 - prepare data catalog - sfincs - WARNING - Interpolate elevation at 770 cells
2024-03-09 19:34:46,209 - prepare data catalog - regulargrid - INFO - 0 gaps outside valid elevation range < 10.0 km2.
2024-03-09 19:34:46,213 - prepare data catalog - sfincs - INFO - Derive region geometry based on active cells.
2024-03-09 19:34:48,887 - prepare data catalog - rasterdataset - INFO - Reading merit_hydro raster data from c:\Users\pjdeb\OneDrive\Documenten\Universiteit\CT 5\MDP\Git\MDP\SFINCS\data\1_static\merit_hydro\{variable}.tif
2024-03-09 19:34:48,899 - prepare data catalog - io - WARNING - nodata value missing for c:\Users\pjdeb\OneDrive\Documenten\Universiteit\CT 5\MDP\Git\MDP\SFINCS\data\1_static\merit_hydro\flwdir.tif
2024-03-09 19:34:48,911 - prepare data catalog - io - WARNING - nodata value missing for c:\Users\pjdeb\OneDrive\Documenten\Universiteit\CT 5\MDP\Git\MDP\SFINCS\data\1_static\merit_hydro\uparea.tif
2024-03-09 19:34:48,943 - prepare data catalog - rasterdataset - DEBUG - Clip to [39.516, -0.605, 39.745, -0.293] (epsg:4326))
2024-03-09 19:34:53,359 - prepare data catalog - sfincs - INFO - Found 0 river inflow points.
2024-03-09 19:35:46,868 - prepare data catalog - rasterdataset - INFO - Reading merit_hydro raster data from c:\Users\pjdeb\OneDrive\Documenten\Universiteit\CT 5\MDP\Git\MDP\SFINCS\data\1_static\merit_hydro\{variable}.tif
2024-03-09 19:35:46,880 - prepare data catalog - io - WARNING - nodata value missing for c:\Users\pjdeb\OneDrive\Documenten\Universiteit\CT 5\MDP\Git\MDP\SFINCS\data\1_static\merit_hydro\flwdir.tif
2024-03-09 19:35:46,896 - prepare data catalog - io - WARNING - nodata value missing for c:\Users\pjdeb\OneDrive\Documenten\Universiteit\CT 5\MDP\Git\MDP\SFINCS\data\1_static\merit_hydro\uparea.tif
2024-03-09 19:35:46,931 - prepare data catalog - rasterdataset - DEBUG - Clip to [39.516, -0.605, 39.745, -0.293] (epsg:4326))
2024-03-09 19:35:47,045 - prepare data catalog - sfincs - INFO - Found 0 river inflow points.
2024-03-09 19:35:50,820 - prepare data catalog - rasterdataset - INFO - Reading merit_hydro raster data from c:\Users\pjdeb\OneDrive\Documenten\Universiteit\CT 5\MDP\Git\MDP\SFINCS\data\1_static\merit_hydro\{variable}.tif
2024-03-09 19:35:50,840 - prepare data catalog - io - WARNING - nodata value missing for c:\Users\pjdeb\OneDrive\Documenten\Universiteit\CT 5\MDP\Git\MDP\SFINCS\data\1_static\merit_hydro\flwdir.tif
2024-03-09 19:35:50,861 - prepare data catalog - io - WARNING - nodata value missing for c:\Users\pjdeb\OneDrive\Documenten\Universiteit\CT 5\MDP\Git\MDP\SFINCS\data\1_static\merit_hydro\uparea.tif
2024-03-09 19:35:50,912 - prepare data catalog - rasterdataset - DEBUG - Clip to [39.516, -0.605, 39.745, -0.293] (epsg:4326))
2024-03-09 19:35:51,065 - prepare data catalog - sfincs - INFO - Found 0 river inflow points.
2024-03-09 19:38:20,935 - prepare data catalog - rasterdataset - INFO - Reading merit_hydro raster data from c:\Users\pjdeb\OneDrive\Documenten\Universiteit\CT 5\MDP\Git\MDP\SFINCS\data\1_static\merit_hydro\{variable}.tif
2024-03-09 19:38:20,950 - prepare data catalog - io - WARNING - nodata value missing for c:\Users\pjdeb\OneDrive\Documenten\Universiteit\CT 5\MDP\Git\MDP\SFINCS\data\1_static\merit_hydro\flwdir.tif
2024-03-09 19:38:20,965 - prepare data catalog - io - WARNING - nodata value missing for c:\Users\pjdeb\OneDrive\Documenten\Universiteit\CT 5\MDP\Git\MDP\SFINCS\data\1_static\merit_hydro\uparea.tif
2024-03-09 19:38:21,011 - prepare data catalog - rasterdataset - DEBUG - Clip to [39.516, -0.605, 39.745, -0.293] (epsg:4326))
2024-03-09 19:38:25,018 - prepare data catalog - sfincs - INFO - Found 0 river inflow points.
2024-03-09 19:38:40,690 - prepare data catalog - rasterdataset - INFO - Reading merit_hydro raster data from c:\Users\pjdeb\OneDrive\Documenten\Universiteit\CT 5\MDP\Git\MDP\SFINCS\data\1_static\merit_hydro\{variable}.tif
2024-03-09 19:38:40,703 - prepare data catalog - io - WARNING - nodata value missing for c:\Users\pjdeb\OneDrive\Documenten\Universiteit\CT 5\MDP\Git\MDP\SFINCS\data\1_static\merit_hydro\flwdir.tif
2024-03-09 19:38:40,719 - prepare data catalog - io - WARNING - nodata value missing for c:\Users\pjdeb\OneDrive\Documenten\Universiteit\CT 5\MDP\Git\MDP\SFINCS\data\1_static\merit_hydro\uparea.tif
2024-03-09 19:38:40,759 - prepare data catalog - rasterdataset - DEBUG - Clip to [39.516, -0.605, 39.745, -0.293] (epsg:4326))
2024-03-09 19:38:45,433 - prepare data catalog - sfincs - INFO - Found 1369 river inflow points.
2024-03-09 19:39:07,282 - prepare data catalog - rasterdataset - INFO - Reading merit_hydro raster data from c:\Users\pjdeb\OneDrive\Documenten\Universiteit\CT 5\MDP\Git\MDP\SFINCS\data\1_static\merit_hydro\{variable}.tif
2024-03-09 19:39:07,294 - prepare data catalog - io - WARNING - nodata value missing for c:\Users\pjdeb\OneDrive\Documenten\Universiteit\CT 5\MDP\Git\MDP\SFINCS\data\1_static\merit_hydro\flwdir.tif
2024-03-09 19:39:07,308 - prepare data catalog - io - WARNING - nodata value missing for c:\Users\pjdeb\OneDrive\Documenten\Universiteit\CT 5\MDP\Git\MDP\SFINCS\data\1_static\merit_hydro\uparea.tif
2024-03-09 19:39:07,352 - prepare data catalog - rasterdataset - DEBUG - Clip to [39.516, -0.605, 39.745, -0.293] (epsg:4326))
2024-03-09 19:39:07,517 - prepare data catalog - sfincs - INFO - Found 15 river inflow points.
2024-03-09 19:39:07,524 - prepare data catalog - model_api - WARNING - Replacing forcing: dis
2024-03-09 19:39:07,525 - prepare data catalog - model_api - WARNING - Replacing geom: rivers_inflow
2024-03-09 20:28:03,442 - prepare data catalog - rasterdataset - INFO - Reading merit_hydro raster data from c:\Users\pjdeb\OneDrive\Documenten\Universiteit\CT 5\MDP\Git\MDP\SFINCS\data\1_static\merit_hydro\{variable}.tif
2024-03-09 20:28:03,455 - prepare data catalog - io - WARNING - nodata value missing for c:\Users\pjdeb\OneDrive\Documenten\Universiteit\CT 5\MDP\Git\MDP\SFINCS\data\1_static\merit_hydro\flwdir.tif
2024-03-09 20:28:03,471 - prepare data catalog - io - WARNING - nodata value missing for c:\Users\pjdeb\OneDrive\Documenten\Universiteit\CT 5\MDP\Git\MDP\SFINCS\data\1_static\merit_hydro\uparea.tif
2024-03-09 20:28:03,510 - prepare data catalog - rasterdataset - DEBUG - Clip to [39.516, -0.605, 39.745, -0.293] (epsg:4326))
2024-03-09 20:28:03,636 - prepare data catalog - sfincs - INFO - Found 0 river inflow points.
2024-03-09 20:28:24,555 - prepare data catalog - rasterdataset - INFO - Reading merit_hydro raster data from c:\Users\pjdeb\OneDrive\Documenten\Universiteit\CT 5\MDP\Git\MDP\SFINCS\data\1_static\merit_hydro\{variable}.tif
2024-03-09 20:28:24,568 - prepare data catalog - io - WARNING - nodata value missing for c:\Users\pjdeb\OneDrive\Documenten\Universiteit\CT 5\MDP\Git\MDP\SFINCS\data\1_static\merit_hydro\flwdir.tif
2024-03-09 20:28:24,587 - prepare data catalog - io - WARNING - nodata value missing for c:\Users\pjdeb\OneDrive\Documenten\Universiteit\CT 5\MDP\Git\MDP\SFINCS\data\1_static\merit_hydro\uparea.tif
2024-03-09 20:28:24,632 - prepare data catalog - rasterdataset - DEBUG - Clip to [39.516, -0.605, 39.745, -0.293] (epsg:4326))
2024-03-09 20:28:24,803 - prepare data catalog - sfincs - INFO - Found 0 river inflow points.
2024-03-09 20:28:48,933 - prepare data catalog - rasterdataset - INFO - Reading merit_hydro raster data from c:\Users\pjdeb\OneDrive\Documenten\Universiteit\CT 5\MDP\Git\MDP\SFINCS\data\1_static\merit_hydro\{variable}.tif
2024-03-09 20:28:48,946 - prepare data catalog - io - WARNING - nodata value missing for c:\Users\pjdeb\OneDrive\Documenten\Universiteit\CT 5\MDP\Git\MDP\SFINCS\data\1_static\merit_hydro\flwdir.tif
2024-03-09 20:28:48,963 - prepare data catalog - io - WARNING - nodata value missing for c:\Users\pjdeb\OneDrive\Documenten\Universiteit\CT 5\MDP\Git\MDP\SFINCS\data\1_static\merit_hydro\uparea.tif
2024-03-09 20:28:49,011 - prepare data catalog - rasterdataset - DEBUG - Clip to [39.516, -0.605, 39.745, -0.293] (epsg:4326))
2024-03-09 20:28:49,212 - prepare data catalog - sfincs - INFO - Found 0 river inflow points.
2024-03-09 20:29:10,212 - prepare data catalog - rasterdataset - INFO - Reading merit_hydro raster data from c:\Users\pjdeb\OneDrive\Documenten\Universiteit\CT 5\MDP\Git\MDP\SFINCS\data\1_static\merit_hydro\{variable}.tif
2024-03-09 20:29:10,225 - prepare data catalog - io - WARNING - nodata value missing for c:\Users\pjdeb\OneDrive\Documenten\Universiteit\CT 5\MDP\Git\MDP\SFINCS\data\1_static\merit_hydro\flwdir.tif
2024-03-09 20:29:10,240 - prepare data catalog - io - WARNING - nodata value missing for c:\Users\pjdeb\OneDrive\Documenten\Universiteit\CT 5\MDP\Git\MDP\SFINCS\data\1_static\merit_hydro\uparea.tif
2024-03-09 20:29:10,277 - prepare data catalog - rasterdataset - DEBUG - Clip to [39.516, -0.605, 39.745, -0.293] (epsg:4326))
2024-03-09 20:29:10,402 - prepare data catalog - sfincs - INFO - Found 0 river inflow points.
2024-03-09 20:29:22,360 - prepare data catalog - log - DEBUG - Appending log messages to file c:\Users\pjdeb\OneDrive\Documenten\Universiteit\CT 5\MDP\Git\MDP\SFINCS\model\base\hydromt.log.
2024-03-09 20:29:22,361 - prepare data catalog - model_api - INFO - Initializing sfincs model from hydromt_sfincs (v1.0.3).
2024-03-09 20:29:26,352 - prepare data catalog - rasterdataset - INFO - Reading srtm30 raster data from c:\Users\pjdeb\OneDrive\Documenten\Universiteit\CT 5\MDP\Git\MDP\SFINCS\data\1_static\srtm30\STRM30DEM_garissa.tif
2024-03-09 20:29:26,435 - prepare data catalog - rasterdataset - DEBUG - Clip to [39.516, -0.605, 39.745, -0.293] (epsg:4326))
2024-03-09 20:29:26,737 - prepare data catalog - merge - DEBUG - Reprojection method of first dataset is: average
2024-03-09 20:29:26,740 - prepare data catalog - sfincs - WARNING - Interpolate elevation at 770 cells
2024-03-09 20:29:27,838 - prepare data catalog - regulargrid - INFO - 0 gaps outside valid elevation range < 10.0 km2.
2024-03-09 20:29:27,841 - prepare data catalog - sfincs - INFO - Derive region geometry based on active cells.
2024-03-09 20:29:30,829 - prepare data catalog - rasterdataset - INFO - Reading merit_hydro raster data from c:\Users\pjdeb\OneDrive\Documenten\Universiteit\CT 5\MDP\Git\MDP\SFINCS\data\1_static\merit_hydro\{variable}.tif
2024-03-09 20:29:30,843 - prepare data catalog - io - WARNING - nodata value missing for c:\Users\pjdeb\OneDrive\Documenten\Universiteit\CT 5\MDP\Git\MDP\SFINCS\data\1_static\merit_hydro\uparea.tif
2024-03-09 20:29:30,856 - prepare data catalog - io - WARNING - nodata value missing for c:\Users\pjdeb\OneDrive\Documenten\Universiteit\CT 5\MDP\Git\MDP\SFINCS\data\1_static\merit_hydro\flwdir.tif
2024-03-09 20:29:30,890 - prepare data catalog - rasterdataset - DEBUG - Clip to [39.516, -0.605, 39.745, -0.293] (epsg:4326))
2024-03-09 20:29:35,359 - prepare data catalog - sfincs - INFO - Found 0 river inflow points.
2024-03-09 20:29:46,872 - prepare data catalog - rasterdataset - INFO - Reading merit_hydro raster data from c:\Users\pjdeb\OneDrive\Documenten\Universiteit\CT 5\MDP\Git\MDP\SFINCS\data\1_static\merit_hydro\{variable}.tif
2024-03-09 20:29:46,885 - prepare data catalog - io - WARNING - nodata value missing for c:\Users\pjdeb\OneDrive\Documenten\Universiteit\CT 5\MDP\Git\MDP\SFINCS\data\1_static\merit_hydro\uparea.tif
2024-03-09 20:29:46,900 - prepare data catalog - io - WARNING - nodata value missing for c:\Users\pjdeb\OneDrive\Documenten\Universiteit\CT 5\MDP\Git\MDP\SFINCS\data\1_static\merit_hydro\flwdir.tif
2024-03-09 20:29:46,941 - prepare data catalog - rasterdataset - DEBUG - Clip to [39.516, -0.605, 39.745, -0.293] (epsg:4326))
2024-03-09 20:29:50,955 - prepare data catalog - sfincs - INFO - Found 0 river inflow points.
2024-03-09 20:30:07,217 - prepare data catalog - rasterdataset - INFO - Reading merit_hydro raster data from c:\Users\pjdeb\OneDrive\Documenten\Universiteit\CT 5\MDP\Git\MDP\SFINCS\data\1_static\merit_hydro\{variable}.tif
2024-03-09 20:30:07,230 - prepare data catalog - io - WARNING - nodata value missing for c:\Users\pjdeb\OneDrive\Documenten\Universiteit\CT 5\MDP\Git\MDP\SFINCS\data\1_static\merit_hydro\uparea.tif
2024-03-09 20:30:07,244 - prepare data catalog - io - WARNING - nodata value missing for c:\Users\pjdeb\OneDrive\Documenten\Universiteit\CT 5\MDP\Git\MDP\SFINCS\data\1_static\merit_hydro\flwdir.tif
2024-03-09 20:30:07,417 - prepare data catalog - rasterdataset - DEBUG - Clip to [39.516, -0.605, 39.745, -0.293] (epsg:4326))
2024-03-09 20:30:07,523 - prepare data catalog - sfincs - INFO - Found 11 river inflow points.
